# capture start
+000914 CONNECT
+000915 TX 6: 82 F1 F1 FE FE 60
+000939 RX 12: 82 F1 F1 FE FE 60 82 F1 F1 FE 81 E3
+001590 TX 6: 82 F1 F1 FD FD 5E
+001613 RX 15: 82 F1 F1 FD FD 5E 85 F1 F1 FD 00 02 00 0F 75
+002134 TX 6: 82 F1 F1 FC FC 5C
+002160 RX 12: 82 F1 F1 FC FC 5C 82 F1 F1 FC 80 E0
+005441 TX 16: 00 02 00 01 B8 01 00 3C 00 05 C8 0A 02 02 0A DD
+007638 RX 2: 02 58
+007689 RX 2: 01 8A
+007759 RX 2: 0F 8D
+007817 RX 4: D6 02 F6 01
+007861 RX 2: 30 02
+007911 RX 2: 33 02
+007913 RX 2: 37 02
+008010 RX 2: 39 02
+008012 RX 2: 30 02
+008023 RX 1: 36
+008035 RX 1: 02
+008096 RX 1: 30
+008099 RX 1: 02
+008112 RX 1: 32
+008135 RX 1: 02
+008168 RX 2: 34 02
+008182 RX 2: 41 02
+008194 RX 2: 47 02
+008238 RX 1: 20
+008261 RX 1: 02
+008328 RX 2: 03 02
+008351 TX 15: 00 02 02 58 20 01 00 3C 00 04 03 D7 09 03 A3
+008407 RX 1: FC
+008465 RX 1: 28
+008479 RX 1: F6
+008558 RX 2: 1B 86
+008584 RX 2: D8 02
+008608 RX 2: F6 01
+008682 RX 4: 44 02 49 02
+008710 RX 2: 47 02
+008739 RX 2: 49 02
+008786 RX 2: 46 02
+008810 RX 2: 41 02
+008834 RX 2: 4E 02
+008882 RX 2: 54 02
+008905 RX 2: 20 02
+008935 RX 2: 31 02
+008979 RX 2: 2E 02
+009003 RX 1: 37
+009005 RX 1: 02
+009038 RX 2: 20 02
+009084 RX 1: 20
+009086 RX 1: 02
+009109 RX 2: 20 02
+009133 RX 2: 20 02
+009160 RX 2: 20 02
+009208 RX 2: 20 02
+009232 RX 2: 20 02
+009257 RX 2: 20 02
+009312 RX 2: 31 02
+009334 RX 2: 35 02
+009358 RX 2: 37 02
+009407 RX 2: 36 02
+009431 RX 2: 03 02
+009455 TX 15: 00 02 02 58 20 01 00 3C 00 04 03 D9 09 03 A5
+009537 RX 1: FC
+009560 RX 1: 26
+009587 RX 1: F6
+009654 RX 2: 0A 86
+009686 RX 2: DA 02
+009731 RX 2: F6 02
+009759 RX 2: 50 02
+009782 RX 2: 4D 02
+009835 RX 2: 43 02
+009862 RX 2: 20 02
+009884 RX 2: 20 02
+009960 RX 4: 20 02 20 02
+009983 RX 2: 03 02
+009993 TX 15: 00 02 02 58 20 01 00 3C 00 04 03 DB 09 03 A7
+010061 RX 1: FC
+010085 RX 1: 24
+010138 RX 1: F6
+010247 RX 1: 03
+010258 RX 1: 86
+010270 RX 1: DC
+010315 RX 1: 02
+010328 RX 2: 09 02
+010352 RX 2: 03 02
+010362 TX 15: 00 02 02 58 20 01 00 3C 00 04 03 DD 09 03 A9
+010459 RX 1: FC
+010526 RX 1: 22
+010539 RX 1: F6
+010578 RX 2: 03 86
+010611 RX 1: DE
+010622 RX 1: 02
+010654 RX 2: 09 02
+010679 RX 2: 03 02
+010687 TX 15: 00 02 02 58 20 01 00 3C 00 04 03 DF 07 03 A9
+010756 RX 1: FC
+010781 RX 1: 20
+010806 RX 1: F8
+010889 RX 2: 06 05
+010904 RX 2: E0 02
+010961 RX 4: FC 02 FF 01
+011008 RX 2: FF 02
+011032 RX 2: 88 02
+011057 RX 2: 03 02
+011065 TX 15: 00 02 02 58 20 01 00 3C 00 04 03 E1 09 03 AD
+011130 RX 1: FC
+011153 RX 1: 1E
+011185 RX 1: F6
+011260 RX 2: 03 86
+011315 RX 2: E2 02
+011338 RX 2: 09 02
+011361 RX 2: 03 02
+011364 TX 15: 00 02 02 58 20 01 00 3C 00 04 03 E3 09 03 AF
+011429 RX 1: FC
+011462 RX 1: 1C
+011504 RX 1: F6
+011557 RX 2: 03 86
+011610 RX 4: E4 02 09 01
+011664 RX 2: 03 02
+011666 TX 16: 00 02 02 58 20 01 00 3C 00 05 04 E5 29 01 03 D4
+011734 RX 1: FB
+011758 RX 1: 1A
+011780 RX 1: D6
+011834 RX 1: FE
+011910 RX 2: 31 86
+011933 RX 2: E6 02
+011955 RX 2: 02 02
+012009 RX 4: 8B 02 1A 01
+012054 RX 2: 11 02
+012087 RX 2: FA 02
+012110 RX 2: E1 02
+012163 RX 2: E0 02
+012185 RX 2: BC 02
+012206 RX 2: AD 02
+012260 RX 2: 96 02
+012284 RX 2: 84 02
+012309 RX 2: 75 02
+012355 RX 2: 61 02
+012379 RX 1: 53
+012391 RX 1: 02
+012404 RX 1: 48
+012407 RX 1: 02
+012463 RX 2: 39 02
+012487 RX 2: 28 02
+012523 RX 2: 1F 02
+012536 RX 2: 19 02
+012582 RX 2: 12 02
+012605 RX 2: 00 02
+012638 RX 2: 8C 02
+012684 RX 2: 28 02
+012709 RX 2: 11 02
+012733 RX 2: A0 02
+012786 RX 2: 64 02
+012808 RX 2: 50 02
+012830 RX 2: 44 02
+012886 RX 2: 3A 02
+012910 RX 2: 32 02
+012935 RX 2: 2C 02
+012981 RX 2: 26 02
+013005 RX 2: 21 02
+013030 RX 1: 1B
+013033 RX 1: 02
+013056 RX 2: 16 02
+013104 RX 2: 10 02
+013137 RX 2: 0B 02
+013163 RX 2: 04 02
+013209 RX 2: 00 02
+013234 RX 2: 00 02
+013257 RX 2: 00 02
+013310 RX 2: 85 02
+013332 RX 2: 02 02
+013354 RX 2: 00 02
+013407 RX 2: 88 02
+013430 RX 2: FF 02
+013454 RX 2: 00 02
+013479 RX 1: 03
+013482 RX 1: 02
+013504 TX 16: 00 02 02 58 20 01 00 3C 00 05 04 E7 29 01 03 D6
+013554 RX 1: FB
+013579 RX 1: 18
+013636 RX 1: D6
+013659 RX 1: FE
+013738 RX 2: 07 86
+013763 RX 2: E8 02
+013798 RX 2: F4 02
+013833 RX 2: FF 02
+013859 RX 2: 0E 01
+013883 RX 2: 00 02
+013908 RX 2: 00 02
+013954 RX 1: 03
+013967 RX 1: 02
+013974 TX 16: 00 02 02 58 20 01 00 3C 00 05 04 E9 29 01 03 D8
+014035 RX 1: FB
+014081 RX 1: 16
+014105 RX 1: D6
+014128 RX 1: FE
+014208 RX 2: 07 86
+014256 RX 1: EA
+014260 RX 1: 02
+014284 RX 2: F4 02
+014307 RX 2: FF 02
+014363 RX 2: 0E 02
+014387 RX 2: 00 02
+014412 RX 2: 00 02
+014457 RX 2: 03 02
+014476 TX 16: 00 02 02 58 20 01 00 3C 00 05 04 EB 29 01 03 DA
+014537 RX 1: FB
+014582 RX 1: 14
+014607 RX 1: D6
+014631 RX 1: FE
+014712 RX 2: 07 86
+014759 RX 3: EC 02 F4
+014762 RX 1: 01
+014809 RX 2: FF 02
+014833 RX 2: 0E 02
+014888 RX 2: 00 02
+014912 RX 2: 00 02
+014936 RX 2: 03 02
+014947 TX 16: 00 02 02 58 20 01 00 3C 00 05 04 ED 29 01 03 DC
+015008 RX 1: FB
+015076 RX 2: 12 D6
+015111 RX 1: FE
+015181 RX 2: 07 86
+015238 RX 2: EE 02
+015261 RX 2: F4 02
+015284 RX 2: FF 02
+015340 RX 2: 0E 01
+015364 RX 2: 00 02
+015379 RX 2: 00 02
+015436 RX 2: 03 02
+015449 TX 16: 00 02 02 58 20 01 00 3C 00 05 04 EF 29 02 03 DF
+015511 RX 1: FB
+015557 RX 1: 10
+015581 RX 1: D6
+015605 RX 1: FD
+015685 RX 2: 07 86
+015741 RX 2: F0 02
+015763 RX 2: F4 02
+015785 RX 2: FF 02
+015828 RX 2: 0A 02
+015860 RX 2: 81 02
+015882 RX 2: 28 02
+015905 RX 2: 03 02
+015913 TX 15: 00 02 02 58 20 01 00 3C 00 04 03 F1 09 03 BD
+015983 RX 1: FC
+016007 RX 1: 0E
+016055 RX 1: F6
+016115 RX 2: 03 86
+016162 RX 2: F2 02
+016184 RX 2: 09 02
+016207 RX 2: 03 01
+016213 TX 16: 00 02 02 58 20 01 00 3C 00 05 04 F3 29 02 03 E3
+016282 RX 1: FB
+016304 RX 1: 0C
+016358 RX 1: D6
+016381 RX 1: FD
+016459 RX 2: 31 86
+016484 RX 2: F4 01
+016506 RX 2: 02 02
+016529 RX 2: 8B 02
+016583 RX 2: 1A 02
+016606 RX 2: 11 02
+016630 RX 2: FA 02
+016685 RX 2: E1 02
+016711 RX 2: E0 02
+016736 RX 2: BC 02
+016782 RX 2: AD 02
+016807 RX 2: 96 02
+016833 RX 2: 84 02
+016857 RX 2: 75 02
+016906 RX 2: 61 02
+016930 RX 1: 53
+016934 RX 1: 02
+016957 RX 2: 48 02
+017012 RX 2: 39 02
+017034 RX 2: 28 02
+017056 RX 2: 1F 02
+017112 RX 2: 19 02
+017136 RX 2: 12 02
+017160 RX 2: 00 02
+017205 RX 2: 89 02
+017240 RX 2: 32 02
+017263 RX 2: 00 02
+017309 RX 2: 85 02
+017333 RX 1: 18
+017345 RX 1: 02
+017401 RX 1: 00
+017403 RX 1: 02
+017415 RX 2: 8C 02
+017427 RX 2: 28 02
+017460 RX 2: 11 02
+017482 RX 1: A0
+017495 RX 1: 02
+017518 RX 2: 64 02
+017564 RX 2: 50 02
+017609 RX 2: 44 02
+017623 RX 2: 3A 02
+017661 RX 2: 32 02
+017695 RX 1: 2C
+017749 RX 2: 02 26
+017782 RX 1: 02
+017793 RX 2: 21 02
+017825 RX 4: 1B 02 16 02
+017859 RX 2: 10 02
+017882 RX 2: 0B 02
+017906 RX 2: 04 02
+017962 RX 2: 00 02
+017986 RX 2: 00 02
+018010 RX 2: 00 02
+018056 RX 2: 03 02
+018078 TX 16: 00 02 02 58 20 01 00 3C 00 05 04 F5 29 02 03 E5
+018164 RX 1: FB
+018187 RX 1: 0A
+018210 RX 1: D6
+018265 RX 1: FD
+018313 RX 2: 07 86
+018360 RX 2: F6 02
+018384 RX 2: F4 02
+018408 RX 2: FF 02
+018433 RX 2: 0A 01
+018489 RX 2: 81 02
+018514 RX 2: 28 02
+018538 RX 2: 03 02
+018552 TX 16: 00 02 02 58 20 01 00 3C 00 05 04 F7 29 02 03 E7
+018608 RX 1: FB
+018665 RX 1: 08
+018689 RX 1: D6
+018703 RX 1: FD
+018782 RX 2: 07 86
+018805 RX 1: F8
+018818 RX 1: 02
+018831 RX 2: F4 01
+018856 RX 2: FF 02
+018912 RX 2: 0A 02
+018926 RX 2: 81 02
+018960 RX 2: 28 02
+019017 RX 2: 03 02
+019031 TX 16: 00 02 02 58 20 01 00 3C 00 05 04 F9 29 02 03 E9
+019105 RX 1: FB
+019137 RX 1: 06
+019162 RX 1: D6
+019186 RX 1: FD
+019259 RX 2: 07 86
+019305 RX 2: FA 02
+019328 RX 2: F4 02
+019363 RX 2: FF 01
+019385 RX 2: 0A 02
+019447 RX 2: 81 02
+019460 RX 2: 28 02
+019482 RX 2: 03 02
+019497 TX 16: 00 02 02 58 20 01 00 3C 00 05 04 FB 29 02 03 EB
+019558 RX 1: FB
+019583 RX 1: 04
+019641 RX 1: D6
+019660 RX 1: FD
+019731 RX 2: 07 86
+019754 RX 2: FC 02
+019787 RX 2: F4 02
+019830 RX 2: FF 02
+019855 RX 2: 0A 02
+019880 RX 2: 81 02
+019936 RX 2: 28 02
+019958 RX 2: 03 02
+019963 TX 16: 00 02 02 58 20 01 00 3C 00 05 04 FD 29 03 03 EE
+020039 RX 1: FB
+020062 RX 1: 02
+020086 RX 1: D6
+020131 RX 1: FC
+020192 RX 2: 07 86
+020236 RX 2: FE 02
+020259 RX 2: F4 02
+020284 RX 2: FF 02
+020338 RX 2: 00 02
+020382 RX 2: 00 02
+020416 RX 2: 4E 02
+020429 RX 2: 03 02
+020438 TX 15: 00 02 02 58 20 01 00 3C 00 04 03 FF 09 03 CB
+020547 RX 1: FC
+020550 RX 1: 00
+020605 RX 1: F6
+020652 RX 2: 03 86
+020684 RX 2: 00 02
+020727 RX 2: 09 02
+020771 RX 2: 03 02
+020777 TX 16: 00 02 02 58 20 01 00 3C 00 05 04 01 29 03 03 F2
+020885 RX 1: FB
+020908 RX 1: FE
+020932 RX 1: D6
+020956 RX 1: FC
+021037 RX 2: 20 86
+021061 RX 2: 02 01
+021105 RX 2: 02 02
+021128 RX 1: 8B
+021129 RX 1: 02
+021154 RX 2: 1A 02
+021178 RX 2: 11 02
+021231 RX 2: FA 02
+021264 RX 2: E1 02
+021286 RX 2: E0 02
+021329 RX 1: BC
+021341 RX 1: 02
+021364 RX 2: AD 02
+021388 RX 2: 96 02
+021431 RX 2: 84 02
+021476 RX 4: 75 02 61 02
+021532 RX 2: 53 02
+021556 RX 2: 48 02
+021580 RX 2: 39 02
+021640 RX 2: 28 02
+021665 RX 2: 1F 02
+021679 RX 1: 19
+021693 RX 1: 02
+021705 RX 2: 12 02
+021760 RX 2: 00 02
+021785 RX 2: 81 02
+021809 RX 2: 64 02
+021856 RX 2: 00 02
+021880 RX 2: 84 02
+021904 RX 2: 02 02
+021959 RX 2: 00 02
+021985 RX 2: 81 02
+022009 RX 2: 64 02
+022056 RX 2: 00 02
+022081 RX 2: 03 02
+022096 TX 6: 82 F1 F1 FC FC 5C
+022131 RX 9: 82 F1 F1 FC FC 5C 82 F1 F1
+022138 TX 15: 00 02 02 58 20 01 00 3C 00 04 03 03 09 03 CF
+022156 RX 3: FC 80 E0
+022212 RX 1: FC
+022234 RX 1: FC
+022290 RX 1: F6
+022359 RX 1: 03
+022364 RX 2: 86 04
+022368 RX 1: 01
+022406 RX 1: 09
+022410 RX 1: 02
+022432 RX 1: 03
+022433 RX 1: 02
+024077 TX 15: 00 02 02 58 20 01 00 3C 00 04 03 04 09 03 D0
+026146 TX 15: 00 02 02 58 20 01 00 3C 00 04 03 05 09 03 D1
+028203 TX 15: 00 02 02 58 20 01 00 3C 00 04 03 06 09 03 D2
+030273 TX 15: 00 02 02 58 20 01 00 3C 00 04 03 07 09 03 D3
+032318 TX 15: 00 02 02 58 20 01 00 3C 00 04 03 08 09 03 D4
+034387 TX 15: 00 02 02 58 20 01 00 3C 00 04 03 09 09 03 D5
+036460 TX 15: 00 02 02 58 20 01 00 3C 00 04 03 0A 09 03 D6
+038512 TX 15: 00 02 02 58 20 01 00 3C 00 04 03 0B 09 03 D7
+040572 TX 15: 00 02 02 58 20 01 00 3C 00 04 03 0C 09 03 D8
