# capture start
+003528 CONNECT
+003530 TX 6: 82 F1 F1 FE FE 60
+003570 RX 12: 82 F1 F1 FE FE 60 82 F1 F1 FE 81 E3
+004261 TX 6: 82 F1 F1 FD FD 5E
+004284 RX 2: 82 F1
+004289 RX 13: F1 FD FD 5E 85 F1 F1 FD 00 02 00 0F 75
+004827 TX 6: 82 F1 F1 FC FC 5C
+004890 RX 10: 82 F1 F1 FC FC 5C 82 F1 F1 FC
+004901 RX 2: 81 E1
+008193 TX 16: 00 02 00 01 B8 01 00 3C 00 05 C8 0A 02 02 0A DD
+010416 RX 2: 02 58
+010471 RX 2: 01 8A
+010566 RX 2: 0F 8D
+010600 RX 2: 44 02
+010629 RX 2: F6 02
+010673 RX 2: 30 02
+010697 RX 2: 33 02
+010734 RX 2: 37 02
+010746 RX 2: 39 02
+010806 RX 2: 30 02
+010824 RX 2: 36 02
+010847 RX 2: 30 02
+010897 RX 2: 32 02
+010923 RX 2: 34 02
+010946 RX 2: 41 02
+010991 RX 2: 47 02
+011015 RX 2: 20 02
+011039 RX 1: 03
+011050 RX 1: 02
+011086 TX 15: 00 02 02 58 20 01 00 3C 00 04 03 45 09 03 11
+011172 RX 1: FC
+011188 RX 1: BA
+011223 RX 1: F6
+011301 RX 2: 1B 86
+011316 RX 2: 46 02
+011371 RX 2: F6 02
+011394 RX 2: 44 02
+011418 RX 2: 49 02
+011466 RX 2: 47 02
+011490 RX 2: 49 02
+011516 RX 2: 46 02
+011574 RX 2: 41 02
+011596 RX 2: 4E 02
+011620 RX 2: 54 02
+011666 RX 2: 20 02
+011697 RX 2: 31 02
+011722 RX 2: 2E 02
+011745 RX 2: 37 02
+011793 RX 2: 20 02
+011816 RX 2: 20 02
+011841 RX 2: 20 02
+011896 RX 2: 20 02
+011917 RX 2: 20 02
+011943 RX 2: 20 02
+011996 RX 2: 20 02
+012015 RX 2: 20 02
+012046 RX 2: 31 02
+012101 RX 2: 35 02
+012125 RX 2: 37 02
+012145 RX 2: 36 02
+012190 RX 2: 03 02
+012218 TX 15: 00 02 02 58 20 01 00 3C 00 04 03 47 09 03 13
+012297 RX 1: FC
+012318 RX 1: B8
+012370 RX 1: F6
+012447 RX 2: 0A 86
+012469 RX 2: 48 02
+012491 RX 2: F6 02
+012542 RX 2: 50 02
+012565 RX 1: 4D
+012572 RX 1: 01
+012591 RX 2: 43 02
+012651 RX 2: 20 02
+012665 RX 2: 20 02
+012696 RX 2: 20 02
+012720 RX 2: 20 02
+012769 RX 2: 03 02
+012798 TX 15: 00 02 02 58 20 01 00 3C 00 04 03 49 09 03 15
+012870 RX 1: FC
+012891 RX 1: B6
+012945 RX 1: F6
+013023 RX 2: 03 86
+013041 RX 2: 4A 02
+013056 RX 2: 09 01
+013093 RX 2: 03 02
+013118 TX 15: 00 02 02 58 20 01 00 3C 00 04 03 4B 09 03 17
+013197 RX 1: FC
+013222 RX 1: B4
+013275 RX 1: F6
+013340 RX 2: 03 86
+013368 RX 2: 4C 02
+013392 RX 2: 09 02
+013448 RX 2: 03 02
+013457 TX 15: 00 02 02 58 20 01 00 3C 00 04 03 4D 09 03 19
+013521 RX 1: FC
+013563 RX 1: B2
+013589 RX 1: F6
+013687 RX 2: 03 86
+013691 RX 2: 4E 02
+013723 RX 2: 09 01
+013740 RX 2: 03 02
+013752 TX 15: 00 02 02 58 20 01 00 3C 00 04 03 4F 07 03 19
+013859 RX 1: FC
+013872 RX 1: B0
+013888 RX 1: F8
+013963 RX 2: 06 86
+014019 RX 2: 50 01
+014043 RX 2: FC 02
+014068 RX 2: FF 02
+014115 RX 2: FF 02
+014146 RX 2: 88 02
+014167 RX 2: 03 02
+014183 TX 15: 00 02 02 58 20 01 00 3C 00 04 03 51 09 03 1D
+014300 RX 1: FC
+014312 RX 1: AE
+014368 RX 1: F6
+014438 RX 1: 03
+014447 RX 1: 86
+014464 RX 2: 52 02
+014494 RX 2: 09 02
+014541 RX 2: 03 01
+014562 TX 15: 00 02 02 58 20 01 00 3C 00 04 03 53 09 03 1F
+014638 RX 1: FC
+014662 RX 1: AC
+014699 RX 1: F6
+014768 RX 2: 03 86
+014821 RX 2: 54 02
+014841 RX 2: 09 02
+014876 RX 2: 03 02
+014900 TX 16: 00 02 02 58 20 01 00 3C 00 05 04 55 29 01 03 44
+014967 RX 1: FB
+015017 RX 2: AA D6
+015071 RX 1: FE
+015151 RX 2: 31 86
+015173 RX 2: 56 01
+015191 RX 2: 02 02
+015218 RX 2: 8B 02
+015271 RX 2: 1A 02
+015293 RX 2: 11 02
+015316 RX 2: FA 02
+015365 RX 2: E1 02
+015399 RX 2: E0 02
+015420 RX 2: BC 02
+015476 RX 2: AD 02
+015496 RX 2: 96 02
+015519 RX 2: 84 02
+015550 RX 2: 75 02
+015596 RX 2: 61 02
+015617 RX 2: 53 02
+015648 RX 2: 48 02
+015690 RX 2: 39 02
+015721 RX 2: 28 02
+015744 RX 2: 1F 02
+015798 RX 2: 19 02
+015819 RX 2: 12 02
+015864 RX 2: 00 02
+015900 RX 3: 8C 02 28
+015914 RX 1: 02
+015941 RX 2: 11 02
+015996 RX 2: A0 02
+016018 RX 2: 64 02
+016045 RX 2: 50 02
+016064 RX 1: 44
+016075 RX 1: 02
+016116 RX 2: 3A 02
+016158 RX 2: 32 02
+016177 RX 2: 2C 02
+016223 RX 2: 26 02
+016244 RX 2: 21 02
+016265 RX 2: 1B 02
+016320 RX 2: 16 02
+016332 RX 2: 10 02
+016374 RX 2: 0B 02
+016419 RX 2: 04 02
+016440 RX 2: 00 02
+016472 RX 2: 00 02
+016516 RX 2: 00 02
+016550 RX 2: 85 02
+016570 RX 2: 02 02
+016591 RX 2: 00 02
+016644 RX 2: 88 02
+016662 RX 1: FF
+016669 RX 1: 02
+016694 RX 2: 00 02
+016746 RX 2: 03 02
+016783 TX 16: 00 02 02 58 20 01 00 3C 00 05 04 57 29 01 03 46
+016868 RX 1: FB
+016892 RX 1: A8
+016920 RX 1: D6
+016976 RX 1: FE
+017039 RX 2: 07 86
+017070 RX 2: 58 02
+017097 RX 2: F4 02
+017139 RX 2: FF 02
+017167 RX 2: 08 02
+017190 RX 2: 00 02
+017215 RX 2: 00 02
+017269 RX 2: 03 02
+017305 TX 16: 00 02 02 58 20 01 00 3C 00 05 04 59 29 01 03 48
+017364 RX 1: FB
+017421 RX 1: A6
+017438 RX 1: D6
+017472 RX 1: FE
+017544 RX 2: 07 86
+017571 RX 2: 5A 02
+017615 RX 2: F4 02
+017643 RX 2: FF 02
+017668 RX 2: 08 01
+017721 RX 2: 00 02
+017745 RX 2: 00 02
+017768 RX 2: 03 02
+017796 TX 16: 00 02 02 58 20 01 00 3C 00 05 04 5B 29 01 03 4A
+017873 RX 1: FB
+017921 RX 1: A4
+017946 RX 1: D6
+017977 RX 1: FE
+018041 RX 2: 07 86
+018072 RX 2: 5C 02
+018123 RX 2: F4 02
+018142 RX 2: FF 02
+018164 RX 1: 08
+018169 RX 1: 02
+018217 RX 2: 00 02
+018243 RX 2: 00 02
+018265 RX 2: 03 02
+018296 TX 16: 00 02 02 58 20 01 00 3C 00 05 04 5D 29 01 03 4C
+018379 RX 1: FB
+018389 RX 1: A2
+018443 RX 1: D6
+018464 RX 1: FE
+018544 RX 2: 07 86
+018570 RX 2: 5E 02
+018599 RX 2: F4 02
+018651 RX 2: FF 02
+018672 RX 2: 08 02
+018693 RX 2: 00 02
+018748 RX 2: 00 02
+018768 RX 2: 03 02
+018800 TX 16: 00 02 02 58 20 01 00 3C 00 05 04 5F 29 02 03 4F
+018892 RX 1: FB
+018918 RX 1: A0
+018949 RX 1: D6
+018972 RX 1: FD
+019046 RX 2: 07 86
+019092 RX 2: 60 02
+019116 RX 2: F4 01
+019139 RX 1: FF
+019145 RX 1: 02
+019192 RX 2: 0A 02
+019220 RX 2: 83 02
+019240 RX 2: 27 02
+019294 RX 2: 03 02
+019316 TX 15: 00 02 02 58 20 01 00 3C 00 04 03 61 09 03 2D
+019400 RX 1: FC
+019421 RX 1: 9E
+019447 RX 1: F6
+019522 RX 2: 03 86
+019567 RX 2: 62 02
+019597 RX 2: 09 02
+019613 RX 2: 03 01
+019628 TX 16: 00 02 02 58 20 01 00 3C 00 05 04 63 29 02 03 53
+019694 RX 1: FB
+019746 RX 1: 9C
+019765 RX 1: D6
+019795 RX 1: FD
+019868 RX 2: 31 86
+019898 RX 2: 64 01
+019940 RX 2: 02 02
+019965 RX 2: 8B 02
+020020 RX 4: 1A 02 11 02
+020066 RX 2: FA 02
+020095 RX 2: E1 02
+020145 RX 2: E0 02
+020168 RX 2: BC 02
+020193 RX 2: AD 02
+020239 RX 2: 96 02
+020268 RX 2: 84 02
+020297 RX 2: 75 01
+020347 RX 2: 61 02
+020367 RX 2: 53 02
+020391 RX 2: 48 02
+020418 RX 2: 39 02
+020466 RX 2: 28 02
+020488 RX 1: 1F
+020493 RX 1: 02
+020543 RX 3: 19 02 12
+020552 RX 1: 01
+020589 RX 2: 00 02
+020618 RX 2: 89 02
+020670 RX 2: 32 02
+020710 RX 2: 00 02
+020739 RX 2: 85 02
+020773 RX 2: 18 02
+020792 RX 2: 00 02
+020822 RX 2: 8C 01
+020843 RX 2: 28 02
+020895 RX 2: 11 02
+020916 RX 2: A0 02
+020941 RX 2: 64 01
+020979 RX 2: 50 02
+021021 RX 2: 44 02
+021039 RX 2: 3A 02
+021093 RX 2: 32 02
+021122 RX 2: 2C 02
+021147 RX 2: 26 02
+021197 RX 2: 21 02
+021215 RX 2: 1B 02
+021243 RX 2: 16 02
+021298 RX 2: 10 02
+021318 RX 2: 0B 02
+021338 RX 2: 04 01
+021369 RX 2: 00 02
+021420 RX 2: 00 02
+021440 RX 2: 00 02
+021471 RX 2: 03 01
+021504 TX 16: 00 02 02 58 20 01 00 3C 00 05 04 65 29 02 03 55
+021572 RX 1: FB
+021600 RX 1: 9A
+021640 RX 1: D6
+021669 RX 1: FD
+021749 RX 2: 07 86
+021770 RX 2: 66 02
+021790 RX 2: F4 02
+021842 RX 2: FF 02
+021873 RX 2: 0A 02
+021893 RX 2: 82 02
+021948 RX 2: 27 02
+021966 RX 2: 03 02
+022000 TX 16: 00 02 02 58 20 01 00 3C 00 05 04 67 29 02 03 57
+022065 RX 1: FB
+022122 RX 1: 98
+022150 RX 1: D6
+022168 RX 1: FD
+022253 RX 2: 07 86
+022270 RX 2: 68 02
+022317 RX 2: F4 02
+022344 RX 2: FF 02
+022374 RX 2: 0A 01
+022403 RX 2: 82 02
+022444 RX 2: 27 02
+022473 RX 2: 03 02
+022501 TX 16: 00 02 02 58 20 01 00 3C 00 05 04 69 29 02 03 59
+022564 RX 1: FB
+022626 RX 2: 96 D6
+022669 RX 1: FD
+022750 RX 2: 07 86
+022767 RX 2: 6A 01
+022794 RX 2: F4 02
+022821 RX 2: FF 02
+022869 RX 2: 0A 02
+022901 RX 2: 82 02
+022921 RX 2: 27 02
+022975 RX 2: 03 02
+023002 TX 16: 00 02 02 58 20 01 00 3C 00 05 04 6B 29 02 03 5B
+023076 RX 1: FB
+023115 RX 1: 94
+023143 RX 1: D6
+023166 RX 1: FD
+023241 RX 2: 07 86
+023294 RX 2: 6C 02
+023302 RX 2: F4 02
+023343 RX 2: FF 02
+023372 RX 2: 0A 02
+023416 RX 2: 82 02
+023445 RX 2: 27 02
+023473 RX 2: 03 02
+023500 TX 16: 00 02 02 58 20 01 00 3C 00 05 04 6D 29 03 03 5E
+023598 RX 1: FB
+023624 RX 1: 92
+023641 RX 1: D6
+023692 RX 1: FC
+023750 RX 2: 07 86
+023790 RX 2: 6E 02
+023794 RX 2: F4 01
+023840 RX 1: FF
+023856 RX 1: 02
+023871 RX 2: 00 02
+023919 RX 2: 00 02
+023947 RX 2: 47 02
+023976 RX 2: 03 02
+023989 TX 15: 00 02 02 58 20 01 00 3C 00 04 03 6F 09 03 3B
+024121 RX 3: FC 90 F6
+024199 RX 2: 03 86
+024216 RX 2: 70 01
+024268 RX 2: 09 02
+024289 RX 2: 03 02
+024298 TX 6: 82 F1 F1 FC FC 5C
+024317 RX 2: 82 F1
+024322 TX 15: 00 02 02 58 20 01 00 3C 00 04 03 71 09 03 3D
+024336 RX 3: F1 FC FC
+024338 RX 2: 5C 82
+024340 RX 2: F1 F1
+024341 RX 2: FC 81
+024343 RX 1: E1
+024397 RX 1: FC
+024421 RX 1: 8E
+024445 RX 1: F6
+024529 RX 2: 03 86
+024568 RX 2: 72 02
+024586 RX 2: 09 02
+024616 RX 1: 03
+024620 RX 1: 02
+024629 TX 15: 00 02 02 58 20 01 00 3C 00 04 03 73 09 03 3F
+024692 RX 1: FC
+024743 RX 1: 8C
+024772 RX 1: F6
+024849 RX 2: 03 86
+024867 RX 2: 74 01
+024896 RX 2: 09 02
+024914 RX 2: 03 02
+024929 TX 16: 00 02 02 58 20 01 00 3C 00 05 04 75 29 03 03 66
+024993 RX 1: FB
+025041 RX 1: 8A
+025067 RX 1: D6
+025095 RX 1: FC
+025171 RX 2: 20 05
+025189 RX 2: 76 02
+025217 RX 2: 02 02
+025245 RX 2: 8B 01
+025294 RX 2: 1A 02
+025324 RX 2: 11 02
+025342 RX 1: FA
+025348 RX 1: 02
+025390 RX 2: E1 02
+025420 RX 2: E0 02
+025448 RX 2: BC 02
+025499 RX 2: AD 02
+025516 RX 2: 96 02
+025544 RX 2: 84 02
+025597 RX 2: 75 02
+025614 RX 2: 61 02
+025642 RX 2: 53 02
+025671 RX 2: 48 02
+025722 RX 2: 39 02
+025739 RX 2: 28 02
+025767 RX 2: 1F 02
+025820 RX 2: 19 02
+025849 RX 2: 12 02
+025866 RX 2: 00 02
+025918 RX 2: 81 02
+025946 RX 2: 64 02
+025973 RX 2: 00 02
+026017 RX 2: 84 02
+026044 RX 2: 02 02
+026074 RX 2: 00 02
+026103 RX 2: 81 02
+026157 RX 2: 64 02
+026171 RX 2: 00 02
+026197 RX 2: 03 02
+026218 TX 16: 00 02 02 58 20 01 00 3C 00 05 04 77 29 03 03 68
+026290 RX 1: FB
+026317 RX 1: 88
+026346 RX 1: D6
+026396 RX 1: FC
+026476 RX 2: 07 86
+026481 RX 2: 78 02
+026520 RX 2: F4 02
+026570 RX 2: FF 02
+026599 RX 2: 00 02
+026617 RX 2: 00 02
+026646 RX 2: 47 02
+026695 RX 2: 03 02
+026723 TX 16: 00 02 02 58 20 01 00 3C 00 05 04 79 29 03 03 6A
+026796 RX 1: FB
+026824 RX 1: 86
+026876 RX 1: D6
+026892 RX 1: FC
+026968 RX 2: 07 86
+026996 RX 2: 7A 02
+027048 RX 2: F4 02
+027065 RX 2: FF 02
+027092 RX 2: 00 01
+027121 RX 2: 00 02
+027156 RX 2: 47 02
+027198 RX 2: 03 02
+027208 TX 16: 00 02 02 58 20 01 00 3C 00 05 04 7B 29 03 03 6C
+027269 RX 1: FB
+027319 RX 1: 84
+027341 RX 1: D6
+027379 RX 1: FC
+027448 RX 1: 07
+027462 RX 1: 86
+027464 RX 2: 7C 02
+027519 RX 2: F4 02
+027546 RX 2: FF 02
+027572 RX 2: 00 02
+027624 RX 2: 00 02
+027640 RX 2: 47 02
+027666 RX 2: 03 02
+027693 TX 16: 00 02 02 58 20 01 00 3C 00 05 04 7D 29 03 03 6E
+027765 RX 1: FB
+027800 RX 1: 82
+027815 RX 1: D6
+027872 RX 1: FC
+027946 RX 2: 07 86
+027964 RX 2: 7E 02
+027991 RX 2: F4 02
+028022 RX 2: FF 02
+028066 RX 1: 00
+028070 RX 1: 02
+028096 RX 2: 00 02
+028145 RX 3: 47 02 03
+028156 RX 1: 01
+028182 TX 15: 00 02 02 58 20 01 00 3C 00 04 03 7F 12 03 54
+028241 RX 1: FC
+028290 RX 1: 80
+028317 RX 1: ED
+028393 RX 2: 0D 86
+028423 RX 2: 80 01
+028470 RX 2: F4 02
+028499 RX 2: 27 02
+028514 RX 2: 82 02
+028543 RX 2: 08 02
+028599 RX 2: 20 02
+028615 RX 2: EB 02
+028659 RX 2: 20 02
+028698 RX 2: 80 02
+028715 RX 2: 2C 02
+028743 RX 2: 0A 02
+028795 RX 2: F0 02
+028816 RX 1: 03
+028821 RX 1: 02
+028839 TX 15: 00 02 02 58 20 01 00 3C 00 04 03 81 12 03 56
+028918 RX 1: FC
+028944 RX 1: 7E
+028971 RX 1: ED
+029045 RX 2: 0D 86
+029064 RX 2: 82 01
+029125 RX 2: F4 02
+029131 RX 2: 27 02
+029165 RX 2: 82 02
+029225 RX 2: 08 02
+029230 RX 2: 20 02
+029269 RX 2: EB 02
+029331 RX 1: 20
+029359 RX 3: 02 80 01
+029365 RX 2: 2C 02
+029425 RX 2: 0A 02
+029442 RX 2: F0 02
+029471 RX 2: 03 02
+029497 TX 15: 00 02 02 58 20 01 00 3C 00 04 03 83 12 03 58
+029567 RX 1: FC
+029592 RX 1: 7C
+029621 RX 1: ED
+029698 RX 2: 0D 86
+029751 RX 2: 84 02
+029760 RX 2: F4 02
+029798 RX 2: 27 02
+029846 RX 2: 83 02
+029873 RX 2: 08 01
+029890 RX 2: 20 02
+029938 RX 2: EB 02
+029966 RX 2: 20 02
+029993 RX 2: 80 02
+030023 RX 2: 2C 02
+030067 RX 2: 0A 02
+030101 RX 2: F0 02
+030114 RX 2: 03 02
+030132 TX 15: 00 02 02 58 20 01 00 3C 00 04 03 85 12 03 5A
