# capture start
+004552 CONNECT
+004553 TX 6: 82 F1 F1 FE FE 60
+004567 RX 5: 82 F1 F1 FE FE
+004568 RX 7: 60 82 F1 F1 FE 81 E3
+005206 TX 6: 82 F1 F1 FD FD 5E
+005250 RX 15: 82 F1 F1 FD FD 5E 85 F1 F1 FD 00 02 00 0F 75
+005779 TX 6: 82 F1 F1 FC FC 5C
+005793 RX 7: 82 F1 F1 FC FC 5C 82
+005796 RX 5: F1 F1 FC 80 E0
+009056 TX 16: 00 02 00 01 B8 01 00 3C 00 05 C8 0A 02 02 0A DD
+011270 RX 2: 02 58
+011295 RX 1: 01
+011318 RX 1: 8A
+011400 RX 2: 0F 8D
+011422 RX 2: F4 01
+011444 RX 2: F6 02
+011480 RX 2: 30 02
+011525 RX 2: 33 02
+011548 RX 2: 37 02
+011604 RX 2: 39 02
+011617 RX 2: 30 02
+011651 RX 2: 36 02
+011697 RX 2: 30 02
+011719 RX 2: 32 02
+011741 RX 2: 34 02
+011773 RX 2: 41 02
+011826 RX 2: 47 02
+011849 RX 2: 20 02
+011873 RX 2: 03 02
+011880 TX 15: 00 02 02 58 20 01 00 3C 00 04 03 F5 09 03 C1
+011946 RX 1: FC
+011970 RX 1: 0A
+012017 RX 1: F6
+012085 RX 2: 1B 86
+012119 RX 2: F6 02
+012143 RX 2: F6 02
+012198 RX 4: 44 02 49 01
+012243 RX 2: 47 02
+012268 RX 2: 49 02
+012294 RX 2: 46 02
+012352 RX 2: 41 02
+012377 RX 2: 4E 02
+012393 RX 2: 54 02
+012450 RX 2: 20 02
+012474 RX 2: 31 02
+012499 RX 2: 2E 02
+012543 RX 2: 37 02
+012579 RX 2: 20 02
+012594 RX 2: 20 02
+012651 RX 2: 20 02
+012666 RX 2: 20 02
+012698 RX 2: 20 02
+012721 RX 2: 20 02
+012767 RX 2: 20 02
+012800 RX 2: 20 02
+012822 RX 2: 31 02
+012877 RX 2: 35 02
+012902 RX 2: 37 02
+012917 RX 1: 36
+012930 RX 1: 02
+012974 RX 2: 03 02
+012986 TX 15: 00 02 02 58 20 01 00 3C 00 04 03 F7 09 03 C3
+013072 RX 1: FC
+013095 RX 1: 08
+013119 RX 1: F6
+013200 RX 2: 0A 86
+013226 RX 2: F8 02
+013249 RX 2: F6 01
+013295 RX 2: 50 02
+013318 RX 2: 4D 02
+013362 RX 2: 43 02
+013394 RX 2: 20 02
+013416 RX 2: 20 02
+013448 RX 2: 20 02
+013492 RX 2: 20 02
+013528 RX 2: 03 02
+013537 TX 15: 00 02 02 58 20 01 00 3C 00 04 03 F9 09 03 C5
+013594 RX 1: FC
+013653 RX 1: 06
+013676 RX 1: F6
+013753 RX 2: 03 86
+013779 RX 2: FA 02
+013813 RX 2: 09 01
+013837 RX 2: 03 02
+013840 TX 15: 00 02 02 58 20 01 00 3C 00 04 03 FB 09 03 C7
+013930 RX 1: FC
+013953 RX 1: 04
+014007 RX 1: F6
+014084 RX 1: 03
+014106 RX 1: 86
+014107 RX 2: FC 02
+014118 RX 1: 09
+014129 RX 1: 02
+014160 RX 2: 03 02
+014162 TX 15: 00 02 02 58 20 01 00 3C 00 04 03 FD 09 03 C9
+014225 RX 1: FC
+014267 RX 1: 02
+014300 RX 1: F6
+014368 RX 2: 03 86
+014400 RX 2: FE 02
+014443 RX 2: 09 02
+014465 RX 1: 03
+014466 RX 1: 02
+014468 TX 15: 00 02 02 58 20 01 00 3C 00 04 03 FF 07 03 C9
+014521 RX 1: FC
+014574 RX 1: 00
+014595 RX 1: F8
+014679 RX 2: 06 86
+014690 RX 2: 00 02
+014722 RX 2: FC 02
+014774 RX 2: FF 02
+014796 RX 2: FF 02
+014817 RX 2: 88 02
+014869 RX 2: 03 02
+014872 TX 15: 00 02 02 58 20 01 00 3C 00 04 03 01 09 03 CD
+014946 RX 2: FC FE
+015000 RX 1: F6
+015074 RX 2: 03 86
+015096 RX 2: 02 01
+015118 RX 2: 09 02
+015140 RX 2: 03 02
+015142 TX 15: 00 02 02 58 20 01 00 3C 00 04 03 03 09 03 CF
+015198 RX 1: FC
+015242 RX 1: FC
+015277 RX 1: F6
+015348 RX 2: 03 86
+015370 RX 2: 04 02
+015425 RX 2: 09 02
+015448 RX 2: 03 02
+015453 TX 16: 00 02 02 58 20 01 00 3C 00 05 04 05 29 01 03 F4
+015522 RX 1: FB
+015546 RX 1: FA
+015582 RX 1: D6
+015628 RX 1: FE
+015697 RX 2: 31 86
+015720 RX 2: 06 02
+015744 RX 2: 02 01
+015778 RX 2: 8B 02
+015825 RX 2: 1A 02
+015849 RX 2: 11 02
+015873 RX 2: FA 02
+015920 RX 2: E1 02
+015945 RX 2: E0 02
+015969 RX 2: BC 02
+016027 RX 2: AD 02
+016051 RX 2: 96 02
+016066 RX 2: 84 02
+016099 RX 2: 75 02
+016143 RX 2: 61 02
+016167 RX 2: 53 02
+016201 RX 2: 48 02
+016247 RX 2: 39 02
+016272 RX 2: 28 02
+016297 RX 2: 1F 02
+016344 RX 1: 19
+016347 RX 1: 02
+016371 RX 2: 12 02
+016398 RX 2: 00 02
+016422 RX 2: 8C 02
+016470 RX 1: 28
+016472 RX 1: 02
+016497 RX 2: 11 02
+016522 RX 2: A0 02
+016569 RX 2: 64 02
+016594 RX 2: 50 02
+016621 RX 2: 44 02
+016678 RX 2: 3A 02
+016704 RX 2: 32 02
+016718 RX 2: 2C 02
+016773 RX 2: 26 02
+016796 RX 2: 21 02
+016819 RX 2: 1B 02
+016873 RX 2: 16 02
+016895 RX 2: 10 02
+016917 RX 1: 0B
+016918 RX 1: 02
+016971 RX 2: 04 02
+016997 RX 2: 00 02
+017019 RX 2: 00 02
+017041 RX 1: 00
+017053 RX 1: 02
+017095 RX 2: 85 02
+017117 RX 1: 02
+017118 RX 1: 02
+017151 RX 2: 00 02
+017206 RX 2: 88 02
+017224 RX 2: FF 02
+017245 RX 2: 00 02
+017301 RX 2: 03 02
+017321 TX 16: 00 02 02 58 20 01 00 3C 00 05 04 07 29 01 03 F6
+017401 RX 1: FB
+017425 RX 1: F8
+017452 RX 1: D6
+017476 RX 1: FE
+017549 RX 2: 07 86
+017574 RX 2: 08 01
+017622 RX 2: F4 02
+017648 RX 2: FF 02
+017673 RX 2: 0D 02
+017721 RX 2: 00 02
+017745 RX 2: 00 02
+017771 RX 2: 03 02
+017786 TX 16: 00 02 02 58 20 01 00 3C 00 05 04 09 29 01 03 F8
+017880 RX 1: FB
+017896 RX 1: F6
+017919 RX 1: D6
+017951 RX 1: FE
+018027 RX 2: 07 86
+018063 RX 2: 0A 02
+018127 RX 2: F4 02
+018152 RX 2: FF 01
+018164 RX 2: 0D 02
+018210 RX 2: 00 02
+018228 RX 1: 00
+018230 RX 1: 02
+018253 RX 1: 03
+018264 RX 1: 02
+018270 TX 16: 00 02 02 58 20 01 00 3C 00 05 04 0B 29 01 03 FA
+018370 RX 1: FB
+018381 RX 1: F4
+018425 RX 1: D6
+018447 RX 1: FE
+018525 RX 2: 07 86
+018570 RX 2: 0C 02
+018595 RX 2: F4 02
+018619 RX 2: FF 02
+018676 RX 2: 0D 02
+018700 RX 2: 00 02
+018725 RX 2: 00 02
+018771 RX 2: 03 02
+018785 TX 16: 00 02 02 58 20 01 00 3C 00 05 04 0D 29 01 03 FC
+018879 RX 1: FB
+018892 RX 1: F2
+018928 RX 1: D6
+018952 RX 1: FE
+019022 RX 2: 07 86
+019066 RX 2: 0E 02
+019099 RX 2: F4 02
+019122 RX 2: FF 02
+019179 RX 2: 0D 02
+019193 RX 2: 00 02
+019229 RX 2: 00 02
+019276 RX 2: 03 02
+019294 TX 16: 00 02 02 58 20 01 00 3C 00 05 04 0F 29 02 03 FF
+019373 RX 1: FB
+019395 RX 1: F0
+019421 RX 1: D6
+019445 RX 1: FD
+019527 RX 2: 07 86
+019553 RX 2: 10 01
+019568 RX 1: F4
+019571 RX 1: 02
+019628 RX 2: FF 02
+019652 RX 2: 0A 02
+019666 RX 2: 81 02
+019722 RX 2: 28 02
+019759 RX 1: 03
+019760 RX 1: 02
+019762 TX 15: 00 02 02 58 20 01 00 3C 00 04 03 11 09 03 DD
+019818 RX 1: FC
+019875 RX 1: EE
+019900 RX 1: F6
+019968 RX 2: 03 86
+020003 RX 2: 12 02
+020028 RX 2: 09 02
+020073 RX 2: 03 02
+020079 TX 16: 00 02 02 58 20 01 00 3C 00 05 04 13 29 02 03 03
+020148 RX 1: FB
+020170 RX 1: EC
+020195 RX 1: D6
+020252 RX 1: FD
+020321 RX 2: 31 86
+020324 RX 2: 14 01
+020370 RX 2: 02 02
+020395 RX 2: 8B 02
+020420 RX 2: 1A 02
+020477 RX 2: 11 02
+020502 RX 2: FA 02
+020527 RX 2: E1 02
+020574 RX 2: E0 02
+020600 RX 2: BC 02
+020625 RX 2: AD 02
+020672 RX 2: 96 02
+020696 RX 2: 84 02
+020721 RX 2: 75 02
+020778 RX 2: 61 02
+020802 RX 2: 53 02
+020827 RX 2: 48 02
+020852 RX 2: 39 02
+020898 RX 1: 28
+020900 RX 1: 02
+020924 RX 2: 1F 02
+020949 RX 2: 19 02
+020996 RX 2: 12 02
+021041 RX 4: 00 02 89 02
+021099 RX 2: 32 02
+021122 RX 2: 00 02
+021145 RX 2: 85 02
+021199 RX 2: 18 02
+021223 RX 2: 00 02
+021249 RX 2: 8C 02
+021297 RX 2: 28 02
+021322 RX 2: 11 02
+021347 RX 2: A0 02
+021371 RX 2: 64 02
+021428 RX 2: 50 02
+021442 RX 1: 44
+021445 RX 1: 02
+021469 RX 2: 3A 02
+021526 RX 2: 32 02
+021551 RX 2: 2C 02
+021576 RX 2: 26 02
+021625 RX 2: 21 02
+021650 RX 2: 1B 02
+021675 RX 2: 16 02
+021721 RX 2: 10 02
+021746 RX 2: 0B 02
+021771 RX 2: 04 02
+021828 RX 2: 00 02
+021841 RX 1: 00
+021853 RX 1: 02
+021867 RX 2: 00 02
+021902 RX 2: 03 02
+021922 TX 16: 00 02 02 58 20 01 00 3C 00 05 04 15 29 02 03 05
+022003 RX 1: FB
+022028 RX 1: EA
+022052 RX 1: D6
+022099 RX 1: FD
+022178 RX 2: 07 86
+022202 RX 2: 16 02
+022227 RX 2: F4 02
+022274 RX 2: FF 02
+022299 RX 2: 0A 02
+022324 RX 2: 81 02
+022349 RX 2: 28 02
+022396 RX 2: 03 02
+022414 TX 16: 00 02 02 58 20 01 00 3C 00 05 04 17 29 02 03 07
+022473 RX 1: FB
+022518 RX 1: E8
+022550 RX 1: D6
+022572 RX 1: FD
+022647 RX 2: 07 86
+022694 RX 2: 18 02
+022718 RX 2: F4 02
+022751 RX 2: FF 02
+022773 RX 2: 0A 02
+022827 RX 2: 81 02
+022841 RX 2: 28 02
+022875 RX 2: 03 02
+022883 TX 16: 00 02 02 58 20 01 00 3C 00 05 04 19 29 02 03 09
+022941 RX 1: FB
+022995 RX 1: E6
+023018 RX 1: D6
+023054 RX 1: FD
+023122 RX 2: 07 86
+023179 RX 2: 1A 02
+023181 RX 2: F4 02
+023228 RX 2: FF 01
+023244 RX 2: 0A 02
+023269 RX 2: 81 02
+023327 RX 2: 28 02
+023352 RX 2: 03 02
+023371 TX 16: 00 02 02 58 20 01 00 3C 00 05 04 1B 29 02 03 0B
+023445 RX 1: FB
+023471 RX 1: E4
+023494 RX 1: D6
+023550 RX 1: FD
+023610 RX 2: 07 86
+023645 RX 2: 1C 02
+023670 RX 2: F4 02
+023727 RX 2: FF 02
+023750 RX 2: 0A 02
+023774 RX 2: 81 02
+023800 RX 2: 28 02
+023847 RX 2: 03 02
+023864 TX 16: 00 02 02 58 20 01 00 3C 00 05 04 1D 29 03 03 0E
+023948 RX 1: FB
+023972 RX 1: E2
+023997 RX 1: D6
+024054 RX 1: FC
+024121 RX 2: 07 86
+024122 RX 2: 1E 01
+024177 RX 2: F4 02
+024202 RX 2: FF 02
+024248 RX 2: 00 02
+024273 RX 2: 00 02
+024299 RX 2: 4D 02
+024323 RX 2: 03 02
+024332 TX 15: 00 02 02 58 20 01 00 3C 00 04 03 1F 09 03 EB
+024394 RX 1: FC
+024418 RX 1: E0
+024475 RX 1: F6
+024545 RX 2: 03 86
+024570 RX 2: 20 02
+024595 RX 2: 09 02
+024652 RX 2: 03 02
+024661 TX 16: 00 02 02 58 20 01 00 3C 00 05 04 21 29 03 03 12
+024722 RX 1: FB
+024778 RX 1: DE
+024802 RX 1: D6
+024827 RX 1: FC
+024897 RX 2: 20 86
+024922 RX 2: 22 01
+024948 RX 2: 02 02
+024995 RX 1: 8B
+024999 RX 1: 02
+025023 RX 2: 1A 02
+025048 RX 2: 11 02
+025093 RX 2: FA 02
+025116 RX 2: E1 02
+025150 RX 2: E0 02
+025194 RX 2: BC 02
+025217 RX 2: AD 02
+025242 RX 1: 96
+025254 RX 1: 02
+025267 RX 2: 84 02
+025321 RX 2: 75 02
+025346 RX 2: 61 02
+025370 RX 2: 53 02
+025428 RX 2: 48 02
+025453 RX 2: 39 02
+025468 RX 1: 28
+025471 RX 1: 02
+025527 RX 2: 1F 02
+025551 RX 2: 19 02
+025575 RX 2: 12 02
+025622 RX 2: 00 02
+025648 RX 2: 81 02
+025673 RX 2: 64 02
+025698 RX 2: 00 02
+025743 RX 1: 84
+025746 RX 1: 02
+025770 RX 2: 02 02
+025794 RX 2: 00 02
+025850 RX 2: 81 02
+025874 RX 2: 64 02
+025899 RX 2: 00 02
+025956 RX 2: 03 02
+025968 TX 6: 82 F1 F1 FC FC 5C
+025992 RX 5: 82 F1 F1 FC FC
+025994 TX 15: 00 02 02 58 20 01 00 3C 00 04 03 23 09 03 EF
+026010 RX 3: 5C 82 F1
+026014 RX 2: F1 FC
+026016 RX 2: 80 E0
+026072 RX 1: FC
+026093 RX 1: DC
+026116 RX 1: F6
+026194 RX 1: 03
+026198 RX 1: 86
+026222 RX 1: 24
+026228 RX 1: 02
+026274 RX 1: 09
+026279 RX 1: 02
+026292 RX 1: 03
+026296 RX 1: 02
+027950 TX 15: 00 02 02 58 20 01 00 3C 00 04 03 24 09 03 F0
+030036 TX 15: 00 02 02 58 20 01 00 3C 00 04 03 25 09 03 F1
+032111 TX 15: 00 02 02 58 20 01 00 3C 00 04 03 26 09 03 F2
+034200 TX 15: 00 02 02 58 20 01 00 3C 00 04 03 27 09 03 F3
+036294 TX 15: 00 02 02 58 20 01 00 3C 00 04 03 28 09 03 F4
+038374 TX 15: 00 02 02 58 20 01 00 3C 00 04 03 29 09 03 F5
+040461 TX 15: 00 02 02 58 20 01 00 3C 00 04 03 2A 09 03 F6
+042540 TX 15: 00 02 02 58 20 01 00 3C 00 04 03 2B 09 03 F7
+044626 TX 15: 00 02 02 58 20 01 00 3C 00 04 03 2C 09 03 F8
