# capture start
+000730 CONNECT
+000732 TX 6: 82 F1 F1 FE FE 60
+000840 RX 5: 82 F1 F1 FE FE
+000886 RX 4: 60 82 F1 F1
+000977 RX 1: FE
+000985 RX 2: 81 E3
+001406 TX 6: 82 F1 F1 FD FD 5E
+001436 RX 15: 82 F1 F1 FD FD 5E 85 F1 F1 FD 00 02 00 0F 75
+001983 TX 6: 82 F1 F1 FC FC 5C
+001996 RX 7: 82 F1 F1 FC FC 5C 82
+002008 RX 5: F1 F1 FC 80 E0
+005296 TX 16: 00 02 00 01 B8 01 00 3C 00 05 C8 0A 02 02 0A DD
+007540 RX 2: 02 58
+007548 RX 1: 01
+007574 RX 1: 8A
+007656 RX 2: 0F 8D
+007673 RX 2: C4 02
+007731 RX 2: F6 02
+007747 RX 2: 30 02
+007774 RX 2: 33 02
+007834 RX 2: 37 02
+007849 RX 2: 39 02
+007879 RX 2: 30 02
+007924 RX 2: 36 02
+007952 RX 2: 30 02
+007970 RX 2: 32 02
+008022 RX 2: 34 02
+008037 RX 2: 41 02
+008076 RX 2: 47 02
+008104 RX 2: 20 02
+008153 RX 2: 03 02
+008174 TX 15: 00 02 02 58 20 01 00 3C 00 04 03 C5 09 03 91
+008254 RX 1: FC
+008280 RX 1: 3A
+008298 RX 1: F6
+008382 RX 2: 1B 86
+008432 RX 2: C6 02
+008448 RX 2: F6 02
+008475 RX 2: 44 02
+008505 RX 2: 49 02
+008554 RX 2: 47 02
+008581 RX 2: 49 02
+008599 RX 2: 46 02
+008649 RX 2: 41 02
+008677 RX 2: 4E 02
+008704 RX 2: 54 02
+008757 RX 2: 20 02
+008773 RX 2: 31 02
+008803 RX 2: 2E 02
+008854 RX 2: 37 02
+008873 RX 2: 20 02
+008897 RX 2: 20 02
+008955 RX 2: 20 02
+008971 RX 1: 20
+008977 RX 1: 02
+009003 RX 2: 20 02
+009030 RX 2: 20 02
+009079 RX 2: 20 02
+009096 RX 2: 20 02
+009122 RX 2: 31 02
+009183 RX 2: 35 02
+009197 RX 1: 37
+009202 RX 1: 02
+009226 RX 2: 36 02
+009275 RX 2: 03 02
+009293 TX 15: 00 02 02 58 20 01 00 3C 00 04 03 C7 09 03 93
+009351 RX 1: FC
+009399 RX 1: 38
+009427 RX 1: F6
+009500 RX 2: 0A 86
+009527 RX 2: C8 02
+009560 RX 2: F6 02
+009598 RX 2: 50 02
+009625 RX 2: 4D 02
+009653 RX 2: 43 02
+009702 RX 2: 20 02
+009728 RX 2: 20 02
+009756 RX 2: 20 02
+009805 RX 2: 20 02
+009832 RX 2: 03 02
+009844 TX 15: 00 02 02 58 20 01 00 3C 00 04 03 C9 09 03 95
+009927 RX 1: FC
+009953 RX 1: 36
+009972 RX 1: F6
+010055 RX 2: 03 86
+010080 RX 2: CA 02
+010127 RX 2: 09 02
+010153 RX 2: 03 02
+010162 TX 15: 00 02 02 58 20 01 00 3C 00 04 03 CB 09 03 97
+010230 RX 1: FC
+010280 RX 1: 34
+010297 RX 1: F6
+010373 RX 2: 03 86
+010395 RX 2: CC 02
+010428 RX 2: 09 02
+010472 RX 2: 03 02
+010479 TX 15: 00 02 02 58 20 01 00 3C 00 04 03 CD 09 03 99
+010550 RX 1: FC
+010572 RX 1: 32
+010626 RX 1: F6
+010673 RX 2: 03 05
+010729 RX 2: CE 02
+010754 RX 2: 09 02
+010779 RX 2: 03 01
+010789 TX 15: 00 02 02 58 20 01 00 3C 00 04 03 CF 09 03 9B
+010871 RX 1: FC
+010897 RX 1: 30
+010919 RX 1: F6
+010996 RX 1: 03
+011001 RX 1: 86
+011027 RX 2: D0 02
+011077 RX 2: 09 02
+011103 RX 2: 03 02
+011114 TX 15: 00 02 02 58 20 01 00 3C 00 04 03 D1 07 03 9B
+011198 RX 1: FC
+011224 RX 1: 2E
+011251 RX 1: F8
+011323 RX 2: 06 86
+011372 RX 2: D2 02
+011398 RX 2: FC 02
+011422 RX 2: FF 02
+011458 RX 2: FF 02
+011502 RX 2: 88 02
+011525 RX 2: 03 02
+011529 TX 6: 82 F1 F1 FC FC 5C
+011552 RX 12: 82 F1 F1 FC FC 5C 82 F1 F1 FC 80 E0
+011554 TX 15: 00 02 02 58 20 01 00 3C 00 04 03 D3 09 03 9F
+011628 RX 1: FC
+011650 RX 1: 2C
+011671 RX 1: F6
+011746 RX 2: 03 86
+011800 RX 2: D4 02
+011827 RX 2: 09 02
+011855 RX 2: 03 02
+011868 TX 15: 00 02 02 58 20 01 00 3C 00 04 03 D5 09 03 A1
+011927 RX 1: FC
+011983 RX 1: 2A
+011998 RX 1: F6
+012081 RX 2: 03 86
+012096 RX 2: D6 02
+012155 RX 2: 09 02
+012171 RX 2: 03 02
+012181 TX 16: 00 02 02 58 20 01 00 3C 00 05 04 D7 29 01 03 C6
+012256 RX 1: FB
+012304 RX 1: 28
+012330 RX 1: D6
+012347 RX 1: FE
+012430 RX 2: 31 86
+012447 RX 2: D8 02
+012474 RX 2: 02 01
+012499 RX 2: 8B 02
+012547 RX 1: 1A
+012551 RX 1: 02
+012577 RX 2: 11 02
+012604 RX 2: FA 02
+012650 RX 2: E1 02
+012675 RX 2: E0 02
+012700 RX 2: BC 02
+012736 RX 2: AD 02
+012770 RX 1: 96
+012773 RX 1: 02
+012797 RX 2: 84 02
+012822 RX 2: 75 02
+012879 RX 2: 61 02
+012904 RX 2: 53 02
+012926 RX 2: 48 02
+012981 RX 2: 39 02
+012996 RX 2: 28 02
+013022 RX 2: 1F 02
+013081 RX 2: 19 02
+013096 RX 2: 12 02
+013123 RX 2: 00 02
+013181 RX 2: 8C 02
+013197 RX 2: 28 02
+013225 RX 2: 11 02
+013272 RX 2: A0 02
+013298 RX 2: 64 02
+013325 RX 2: 50 02
+013352 RX 2: 44 02
+013399 RX 2: 3A 02
+013426 RX 2: 32 02
+013452 RX 2: 2C 02
+013499 RX 2: 26 02
+013527 RX 2: 21 02
+013552 RX 2: 1B 02
+013599 RX 2: 16 02
+013625 RX 2: 10 02
+013650 RX 2: 0B 02
+013699 RX 2: 04 02
+013725 RX 2: 00 02
+013751 RX 2: 00 02
+013777 RX 2: 00 02
+013836 RX 2: 85 02
+013851 RX 2: 02 02
+013878 RX 2: 00 02
+013911 RX 2: 88 02
+013957 RX 1: FF
+013984 RX 1: 02
+014018 RX 2: 00 02
+014043 RX 2: 03 02
+014061 TX 16: 00 02 02 58 20 01 00 3C 00 05 04 D9 29 01 03 C8
+014138 RX 1: FB
+014206 RX 1: 26
+014231 RX 1: D6
+014257 RX 1: FE
+014307 RX 2: 07 86
+014332 RX 2: DA 02
+014379 RX 2: F4 02
+014405 RX 2: FF 02
+014421 RX 1: 0D
+014427 RX 1: 02
+014474 RX 1: 00
+014477 RX 1: 02
+014502 RX 2: 00 02
+014528 RX 2: 03 02
+014546 TX 16: 00 02 02 58 20 01 00 3C 00 05 04 DB 29 01 03 CA
+014629 RX 1: FB
+014653 RX 1: 24
+014675 RX 1: D6
+014698 RX 1: FE
+014777 RX 2: 07 86
+014801 RX 2: DC 02
+014824 RX 2: F4 01
+014869 RX 1: FF
+014880 RX 1: 02
+014901 RX 2: 0D 02
+014923 RX 2: 00 02
+014975 RX 2: 00 02
+014999 RX 2: 03 02
+015005 TX 16: 00 02 02 58 20 01 00 3C 00 05 04 DD 29 01 03 CC
+015071 RX 1: FB
+015095 RX 1: 22
+015128 RX 1: D6
+015153 RX 1: FE
+015224 RX 2: 07 86
+015272 RX 2: DE 02
+015298 RX 2: F4 02
+015325 RX 2: FF 02
+015351 RX 2: 0D 01
+015398 RX 2: 00 02
+015423 RX 2: 00 02
+015448 RX 2: 03 02
+015469 TX 16: 00 02 02 58 20 01 00 3C 00 05 04 DF 29 01 03 CE
+015549 RX 1: FB
+015562 RX 1: 20
+015599 RX 1: D6
+015647 RX 1: FE
+015699 RX 2: 07 86
+015754 RX 2: E0 02
+015779 RX 2: F4 02
+015796 RX 2: FF 02
+015854 RX 2: 0D 02
+015871 RX 2: 00 02
+015896 RX 2: 00 02
+015951 RX 2: 03 02
+015969 TX 16: 00 02 02 58 20 01 00 3C 00 05 04 E1 29 02 03 D1
+016049 RX 1: FB
+016072 RX 1: 1E
+016097 RX 1: D6
+016155 RX 1: FD
+016204 RX 2: 07 86
+016253 RX 2: E2 02
+016279 RX 2: F4 02
+016306 RX 2: FF 02
+016352 RX 2: 0A 02
+016378 RX 2: 82 02
+016404 RX 2: 28 02
+016452 RX 2: 03 02
+016463 TX 15: 00 02 02 58 20 01 00 3C 00 04 03 E3 09 03 AF
+016524 RX 1: FC
+016582 RX 2: 1C F6
+016663 RX 2: 03 86
+016699 RX 2: E4 02
+016724 RX 2: 09 02
+016771 RX 1: 03
+016796 RX 1: 02
+016806 TX 16: 00 02 02 58 20 01 00 3C 00 05 04 E5 29 02 03 D5
+016878 RX 1: FB
+016923 RX 1: 1A
+016957 RX 1: D6
+016983 RX 1: FD
+017066 RX 2: 31 86
+017103 RX 2: E6 02
+017129 RX 2: 02 02
+017156 RX 2: 8B 02
+017203 RX 2: 1A 02
+017229 RX 2: 11 02
+017255 RX 2: FA 02
+017300 RX 2: E1 02
+017326 RX 2: E0 02
+017351 RX 2: BC 02
+017398 RX 2: AD 02
+017424 RX 2: 96 02
+017449 RX 2: 84 02
+017497 RX 1: 75
+017512 RX 1: 02
+017526 RX 2: 61 02
+017552 RX 2: 53 02
+017599 RX 2: 48 02
+017625 RX 2: 39 02
+017650 RX 2: 28 02
+017676 RX 2: 1F 02
+017725 RX 2: 19 02
+017753 RX 2: 12 02
+017779 RX 2: 00 02
+017827 RX 2: 89 02
+017864 RX 2: 32 02
+017879 RX 2: 00 02
+017926 RX 2: 85 02
+017950 RX 2: 18 02
+017977 RX 2: 00 02
+018027 RX 2: 8C 02
+018053 RX 2: 28 02
+018080 RX 2: 11 02
+018106 RX 2: A0 02
+018154 RX 2: 64 02
+018182 RX 2: 50 02
+018197 RX 2: 44 02
+018256 RX 2: 3A 02
+018272 RX 1: 32
+018275 RX 1: 02
+018300 RX 2: 2C 02
+018349 RX 2: 26 02
+018377 RX 2: 21 02
+018404 RX 2: 1B 02
+018431 RX 2: 16 02
+018482 RX 2: 10 02
+018498 RX 2: 0B 02
+018548 RX 2: 04 02
+018574 RX 2: 00 02
+018601 RX 2: 00 02
+018628 RX 2: 00 02
+018676 RX 2: 03 02
+018694 TX 16: 00 02 02 58 20 01 00 3C 00 05 04 E7 29 02 03 D7
+018776 RX 2: FB 18
+018825 RX 1: D6
+018850 RX 1: FD
+018927 RX 2: 07 86
+018975 RX 1: E8
+018979 RX 1: 02
+018993 RX 2: F4 02
+019028 RX 2: FF 02
+019054 RX 2: 0A 02
+019102 RX 2: 81 02
+019140 RX 2: 28 02
+019156 RX 2: 03 02
+019173 TX 16: 00 02 02 58 20 01 00 3C 00 05 04 E9 29 02 03 D9
+019252 RX 1: FB
+019275 RX 1: 16
+019299 RX 1: D6
+019354 RX 1: FD
+019425 RX 2: 07 86
+019449 RX 2: EA 02
+019475 RX 1: F4
+019489 RX 1: 02
+019522 RX 2: FF 02
+019544 RX 2: 0A 02
+019578 RX 2: 81 02
+019601 RX 2: 28 02
+019657 RX 2: 03 02
+019666 TX 16: 00 02 02 58 20 01 00 3C 00 05 04 EB 29 02 03 DB
+019723 RX 1: FB
+019756 RX 1: 14
+019801 RX 1: D6
+019827 RX 1: FD
+019896 RX 2: 07 86
+019952 RX 2: EC 02
+019956 RX 2: F4 01
+020003 RX 2: FF 02
+020027 RX 2: 0A 02
+020085 RX 2: 82 02
+020100 RX 2: 28 02
+020126 RX 2: 03 02
+020144 TX 16: 00 02 02 58 20 01 00 3C 00 05 04 ED 29 02 03 DD
+020227 RX 1: FB
+020250 RX 1: 12
+020273 RX 1: D6
+020329 RX 1: FD
+020374 RX 2: 07 05
+020422 RX 2: EE 02
+020446 RX 2: F4 02
+020479 RX 2: FF 01
+020503 RX 2: 0A 02
+020527 RX 2: 81 02
+020574 RX 2: 28 02
+020621 RX 2: 03 02
+020633 TX 16: 00 02 02 58 20 01 00 3C 00 05 04 EF 29 03 03 E0
+020708 RX 1: FB
+020724 RX 1: 10
+020759 RX 1: D6
+020807 RX 1: FC
+020873 RX 1: 07
+020897 RX 1: 86
+020939 RX 2: F0 02
+020952 RX 2: F4 02
+020964 RX 2: FF 02
+021007 RX 2: 00 01
+021031 RX 2: 00 02
+021066 RX 2: 4D 02
+021099 RX 2: 03 02
+021103 TX 15: 00 02 02 58 20 01 00 3C 00 04 03 F1 09 03 BD
+021181 RX 1: FC
+021196 RX 1: 0E
+021224 RX 1: F6
+021308 RX 2: 03 05
+021324 RX 2: F2 02
+021383 RX 4: 09 02 03 01
+021394 TX 16: 00 02 02 58 20 01 00 3C 00 05 04 F3 29 03 03 E4
+021479 RX 1: FB
+021506 RX 1: 0C
+021531 RX 1: D6
+021580 RX 1: FC
+021653 RX 2: 20 86
+021679 RX 2: F4 01
+021703 RX 2: 02 02
+021751 RX 2: 8B 02
+021777 RX 2: 1A 02
+021804 RX 2: 11 02
+021852 RX 2: FA 02
+021878 RX 2: E1 02
+021902 RX 2: E0 02
+021926 RX 2: BC 01
+021982 RX 2: AD 02
+021999 RX 2: 96 02
+022055 RX 2: 84 02
+022080 RX 2: 75 02
+022098 RX 2: 61 02
+022125 RX 2: 53 02
+022172 RX 2: 48 02
+022200 RX 2: 39 01
+022226 RX 2: 28 02
+022276 RX 2: 1F 02
+022303 RX 2: 19 02
+022330 RX 2: 12 02
+022378 RX 2: 00 02
+022405 RX 2: 81 02
+022431 RX 2: 64 02
+022447 RX 2: 00 01
+022505 RX 2: 84 02
+022521 RX 1: 02
+022525 RX 1: 02
+022573 RX 2: 00 02
+022599 RX 2: 81 01
+022625 RX 2: 64 02
+022651 RX 2: 00 02
+022700 RX 2: 03 02
+022716 TX 6: 82 F1 F1 FC FC 5C
+022753 RX 12: 82 F1 F1 FC FC 5C 82 F1 F1 FC 80 E0
+022764 TX 15: 00 02 02 58 20 01 00 3C 00 04 03 F5 09 03 C1
+022827 RX 1: FC
+022872 RX 1: 0A
+022896 RX 1: F6
+022984 RX 2: 03 86
+022997 RX 2: F6 02
+023022 RX 2: 09 02
+023078 RX 2: 03 02
+023082 TX 15: 00 02 02 58 20 01 00 3C 00 04 03 F7 09 03 C3
+023150 RX 1: FC
+023178 RX 1: 08
+023224 RX 1: F6
+023299 RX 1: 03
+023312 RX 1: 86
+023325 RX 2: F8 02
+023348 RX 2: 09 02
+023373 RX 2: 03 02
+023383 TX 16: 00 02 02 58 20 01 00 3C 00 05 04 F9 29 03 03 EA
+023445 RX 1: FB
+023481 RX 1: 06
+023529 RX 1: D6
+023555 RX 1: FC
+023627 RX 2: 20 86
+023653 RX 2: FA 02
+023701 RX 2: 02 02
+023727 RX 2: 8B 02
+023753 RX 2: 1A 01
+023779 RX 2: 11 02
+023828 RX 2: FA 02
+023855 RX 2: E1 02
+023871 RX 2: E0 02
+023896 RX 2: BC 02
+023950 RX 2: AD 02
+023976 RX 2: 96 02
+024000 RX 2: 84 02
+024056 RX 2: 75 02
+024080 RX 2: 61 02
+024095 RX 2: 53 02
+024152 RX 2: 48 02
+024159 RX 2: 39 02
+024196 RX 2: 28 02
+024267 RX 4: 1F 02 19 02
+024306 RX 2: 12 02
+024322 RX 1: 00
+024326 RX 1: 02
+024372 RX 2: 81 02
+024399 RX 2: 64 02
+024425 RX 2: 00 02
+024472 RX 1: 84
+024476 RX 1: 02
+024502 RX 2: 02 02
+024528 RX 2: 00 02
+024577 RX 2: 81 02
+024603 RX 2: 64 02
+024630 RX 2: 00 02
+024678 RX 2: 03 02
+024700 TX 16: 00 02 02 58 20 01 00 3C 00 05 04 FB 29 03 03 EC
+024771 RX 1: FB
+024796 RX 1: 04
+024822 RX 1: D6
+024847 RX 1: FC
+024920 RX 2: 07 86
+024974 RX 2: FC 02
+024998 RX 2: F4 02
+025022 RX 2: FF 02
+025048 RX 2: 00 01
+025075 RX 2: 00 02
+025123 RX 1: 4D
+025127 RX 1: 02
+025153 RX 2: 03 02
+025177 TX 16: 00 02 02 58 20 01 00 3C 00 05 04 FD 29 03 03 EE
+025255 RX 1: FB
+025278 RX 1: 02
+025321 RX 1: D6
+025347 RX 1: FC
+025436 RX 1: 07
+025448 RX 1: 86
+025473 RX 2: FE 02
+025518 RX 2: F4 02
+025552 RX 2: FF 02
+025576 RX 2: 00 02
+025591 RX 2: 00 02
+025626 RX 2: 4D 02
+025659 RX 1: 03
+025682 RX 1: 02
+025695 TX 16: 00 02 02 58 20 01 00 3C 00 05 04 FF 29 03 03 F0
+025785 RX 1: FB
+025810 RX 1: 00
+025836 RX 1: D6
+025873 RX 1: FC
+025953 RX 2: 07 86
+025978 RX 2: 00 01
+026004 RX 2: F4 02
+026053 RX 2: FF 02
+026078 RX 2: 00 02
+026105 RX 2: 00 02
+026151 RX 2: 4D 02
+026177 RX 2: 03 02
+026193 TX 16: 00 02 02 58 20 01 00 3C 00 05 04 01 29 03 03 F2
+026251 RX 1: FB
+026307 RX 1: FE
+026322 RX 1: D6
+026382 RX 1: FC
+026422 RX 1: 07
+026429 RX 1: 86
+026477 RX 2: 02 02
+026504 RX 2: F4 02
+026531 RX 2: FF 02
+026580 RX 2: 00 02
+026606 RX 2: 00 02
+026621 RX 1: 4D
+026625 RX 1: 02
+026650 RX 2: 03 02
+026667 TX 15: 00 02 02 58 20 01 00 3C 00 04 03 03 12 03 D8
+026729 RX 1: FC
+026753 RX 1: FC
+026822 RX 1: ED
+026872 RX 2: 0D 86
+026895 RX 1: 04
+026908 RX 1: 01
+026920 RX 2: F4 02
+026955 RX 2: 28 02
+027002 RX 2: 82 02
+027029 RX 2: 0D 02
+027056 RX 2: 20 02
+027104 RX 2: ED 02
+027129 RX 2: 20 02
+027153 RX 2: 80 02
+027202 RX 2: 2B 02
+027227 RX 2: 0A 02
+027253 RX 2: F0 02
+027279 RX 2: 03 02
+027299 TX 15: 00 02 02 58 20 01 00 3C 00 04 03 05 12 03 DA
+027371 RX 1: FC
+027396 RX 1: FA
+027421 RX 1: ED
+027504 RX 2: 0D 86
+027549 RX 2: 06 02
+027576 RX 2: F4 01
+027600 RX 2: 28 02
+027646 RX 2: 81 02
+027671 RX 2: 0D 02
+027697 RX 2: 20 02
+027722 RX 2: ED 02
+027776 RX 2: 20 02
+027799 RX 2: 80 02
+027822 RX 2: 2B 01
+027876 RX 2: 0A 02
+027900 RX 2: F0 02
+027923 RX 2: 03 02
+027932 TX 15: 00 02 02 58 20 01 00 3C 00 04 03 07 12 03 DC
+028001 RX 1: FC
+028026 RX 1: F8
+028073 RX 1: ED
+028156 RX 2: 0D 86
+028183 RX 2: 08 02
+028198 RX 2: F4 02
+028224 RX 2: 28 02
+028283 RX 2: 81 02
+028299 RX 2: 0D 02
+028326 RX 2: 20 02
+028377 RX 2: ED 02
+028404 RX 2: 20 02
+028423 RX 2: 80 02
+028476 RX 2: 2B 02
+028501 RX 2: 0A 02
+028528 RX 2: F0 02
+028575 RX 2: 03 02
+028585 TX 15: 00 02 02 58 20 01 00 3C 00 04 03 09 12 03 DE
+028653 RX 1: FC
+028675 RX 1: F6
+028730 RX 1: ED
+028798 RX 2: 0D 86
+028822 RX 2: 0A 02
+028848 RX 2: F4 02
+028903 RX 2: 28 02
+028926 RX 2: 82 02
+028948 RX 2: 0D 02
+029003 RX 2: 20 02
+029027 RX 2: ED 02
+029052 RX 2: 20 02
+029078 RX 2: 80 02
+029126 RX 2: 2B 02
+029153 RX 2: 0A 02
+029179 RX 2: F0 02
+029227 RX 2: 03 02
+029246 TX 15: 00 02 02 58 20 01 00 3C 00 04 03 0B 09 03 D7
+029329 RX 1: FC
+029355 RX 1: F4
+029380 RX 1: F6
+029452 RX 2: 03 86
+029499 RX 3: 0C 02 09
+029504 RX 1: 01
+029550 RX 2: 03 02
+029559 TX 16: 00 02 02 58 20 01 00 3C 00 05 04 0D 29 01 03 FC
+029623 RX 1: FB
+029650 RX 1: F2
+029698 RX 1: D6
+029725 RX 1: FE
+029797 RX 2: 31 86
+029824 RX 2: 0E 02
+029871 RX 1: 02
+029876 RX 1: 02
+029902 RX 2: 8B 02
+029926 RX 2: 1A 01
+029982 RX 2: 11 02
+029996 RX 2: FA 02
+030030 RX 2: E1 02
+030077 RX 2: E0 02
+030104 RX 2: BC 02
+030132 RX 2: AD 02
+030179 RX 2: 96 02
+030206 RX 2: 84 01
+030220 RX 1: 75
+030225 RX 1: 02
+030250 RX 2: 61 02
+030297 RX 2: 53 02
+030325 RX 2: 48 02
+030351 RX 2: 39 02
+030399 RX 2: 28 02
+030426 RX 2: 1F 02
+030453 RX 2: 19 01
+030500 RX 2: 12 02
+030527 RX 2: 00 02
+030554 RX 2: 8C 02
+030581 RX 2: 28 02
+030630 RX 2: 11 02
+030656 RX 2: A0 02
+030705 RX 3: 64 02 50
+030709 RX 1: 01
+030756 RX 2: 44 02
+030770 RX 1: 3A
+030775 RX 1: 02
+030822 RX 1: 32
+030825 RX 1: 02
+030850 RX 2: 2C 02
+030876 RX 2: 26 02
+030921 RX 2: 21 02
+030956 RX 2: 1B 02
+030972 RX 2: 16 02
+031028 RX 2: 10 02
+031052 RX 2: 0B 02
+031078 RX 2: 04 02
+031104 RX 2: 00 02
+031152 RX 2: 00 02
+031180 RX 2: 00 02
+031228 RX 2: 85 02
+031232 RX 2: 02 02
+031280 RX 2: 00 02
+031306 RX 2: 88 02
+031354 RX 2: FF 02
+031383 RX 2: 00 01
+031398 RX 2: 03 02
+031429 TX 16: 00 02 02 58 20 01 00 3C 00 05 04 0F 29 01 03 FE
+031501 RX 1: FB
+031527 RX 1: F0
+031557 RX 1: D6
+031605 RX 1: FE
+031678 RX 2: 07 86
+031705 RX 2: 10 02
+031732 RX 2: F4 02
+031779 RX 2: FF 02
+031807 RX 2: 0D 02
+031822 RX 2: 00 02
+031880 RX 2: 00 02
+031895 RX 2: 03 01
+031904 TX 16: 00 02 02 58 20 01 00 3C 00 05 04 11 29 01 03 00
+032002 RX 1: FB
+032024 RX 1: EE
+032045 RX 1: D6
+032078 RX 1: FE
+032155 RX 2: 07 86
+032200 RX 2: 12 02
+032223 RX 2: F4 02
+032249 RX 2: FF 02
+032303 RX 2: 0D 02
+032326 RX 2: 00 02
+032350 RX 2: 00 02
+032404 RX 2: 03 02
+032416 TX 16: 00 02 02 58 20 01 00 3C 00 05 04 13 29 01 03 02
+032471 RX 1: FB
+032503 RX 1: EC
+032560 RX 1: D6
+032575 RX 1: FE
+032647 RX 1: 07
+032653 RX 1: 86
+032678 RX 2: 14 01
+032724 RX 2: F4 02
+032750 RX 2: FF 02
+032775 RX 2: 0D 02
+032821 RX 2: 00 02
+032845 RX 2: 00 02
+032879 RX 2: 03 02
+032888 TX 6: 82 F1 F1 FC FC 5C
+032924 RX 12: 82 F1 F1 FC FC 5C 82 F1 F1 FC 80 E0
+032929 TX 15: 00 02 02 58 20 01 00 3C 00 04 03 15 09 03 E1
+032996 RX 1: FC
+033022 RX 1: EA
+033045 RX 1: F6
+033130 RX 2: 03 86
+033146 RX 2: 16 02
+033175 RX 2: 09 01
+033225 RX 2: 03 02
+033234 TX 15: 00 02 02 58 20 01 00 3C 00 04 03 17 09 03 E3
+033298 RX 1: FC
+033347 RX 1: E8
+033372 RX 1: F6
+033454 RX 2: 03 86
+033480 RX 2: 18 02
+033495 RX 2: 09 02
+033554 RX 2: 03 02
+033561 TX 16: 00 02 02 58 20 01 00 3C 00 05 04 19 29 01 03 08
+033627 RX 1: FB
+033674 RX 1: E6
+033701 RX 1: D6
+033728 RX 1: FE
+033805 RX 2: 31 86
+033854 RX 2: 1A 02
+033880 RX 2: 02 02
+033903 RX 2: 8B 02
+033949 RX 2: 1A 02
+033974 RX 2: 11 02
+034000 RX 2: FA 02
+034028 RX 2: E1 02
+034073 RX 2: E0 02
+034101 RX 2: BC 02
+034128 RX 2: AD 02
+034175 RX 2: 96 02
+034190 RX 2: 84 02
+034225 RX 2: 75 02
+034273 RX 2: 61 02
+034299 RX 2: 53 02
+034324 RX 2: 48 02
+034381 RX 2: 39 02
+034386 RX 1: 28
+034388 RX 1: 02
+034422 RX 2: 1F 02
+034468 RX 2: 19 02
+034525 RX 2: 12 02
+034594 RX 1: 00
+034620 RX 5: 02 8C 02 28 02
+034637 RX 2: 11 02
+034650 RX 2: A0 02
+034689 RX 2: 64 02
+034727 RX 1: 50
+034742 RX 1: 02
+034767 RX 1: 44
+034782 RX 1: 02
+034820 RX 4: 3A 02 32 02
+034846 RX 2: 2C 02
+034905 RX 2: 26 02
+034928 RX 2: 21 02
+034953 RX 2: 1B 02
+034977 RX 2: 16 02
+035024 RX 2: 10 02
+035049 RX 2: 0B 02
+035074 RX 2: 04 02
+035130 RX 2: 00 02
+035156 RX 2: 00 02
+035170 RX 2: 00 02
+035228 RX 2: 85 02
+035255 RX 2: 02 02
+035281 RX 2: 00 02
+035331 RX 2: 88 02
+035346 RX 2: FF 02
+035373 RX 2: 00 02
+035399 RX 2: 03 02
+035424 TX 16: 00 02 02 58 20 01 00 3C 00 05 04 1B 29 01 03 0A
+035497 RX 1: FB
+035523 RX 1: E4
+035549 RX 1: D6
+035608 RX 1: FE
+035681 RX 2: 07 86
+035707 RX 2: 1C 02
+035724 RX 2: F4 02
+035783 RX 2: FF 02
+035798 RX 2: 0D 02
+035823 RX 2: 00 01
+035882 RX 2: 00 02
+035894 RX 2: 03 02
+035901 TX 16: 00 02 02 58 20 01 00 3C 00 05 04 1D 29 02 03 0D
+035945 RX 1: FB
+036004 RX 1: E2
+036030 RX 1: D6
+036055 RX 1: FD
+036124 RX 2: 07 86
+036183 RX 2: 1E 02
+036199 RX 2: F4 02
+036226 RX 2: FF 02
+036273 RX 2: 0A 02
+036299 RX 2: 81 02
+036324 RX 2: 28 02
+036349 RX 2: 03 02
+036360 TX 15: 00 02 02 58 20 01 00 3C 00 04 03 1F 09 03 EB
+036424 RX 1: FC
+036472 RX 1: E0
+036498 RX 1: F6
+036581 RX 2: 03 86
+036596 RX 2: 20 02
+036655 RX 2: 09 02
+036680 RX 2: 03 02
+036689 TX 16: 00 02 02 58 20 01 00 3C 00 05 04 21 29 02 03 11
+036775 RX 1: FB
+036800 RX 1: DE
+036828 RX 1: D6
+036854 RX 1: FD
+036925 RX 2: 31 86
+036980 RX 2: 22 02
+036995 RX 2: 02 02
+037021 RX 2: 8B 02
+037058 RX 2: 1A 02
+037106 RX 2: 11 02
+037132 RX 2: FA 02
+037179 RX 2: E1 02
+037196 RX 2: E0 02
+037223 RX 2: BC 02
+037280 RX 2: AD 02
+037285 RX 2: 96 02
+037321 RX 1: 84
+037325 RX 1: 02
+037350 RX 2: 75 02
+037398 RX 2: 61 02
+037424 RX 2: 53 02
+037451 RX 2: 48 02
+037500 RX 2: 39 02
+037527 RX 2: 28 02
+037553 RX 2: 1F 02
+037601 RX 2: 19 02
+037627 RX 2: 12 02
+037654 RX 2: 00 02
+037701 RX 2: 89 02
+037708 RX 2: 32 02
+037745 RX 2: 00 02
+037803 RX 2: 85 02
+037829 RX 2: 18 02
+037855 RX 2: 00 02
+037870 RX 1: 8C
+037873 RX 1: 02
+037928 RX 2: 28 02
+037953 RX 2: 11 02
+037979 RX 2: A0 02
+038028 RX 2: 64 02
+038053 RX 2: 50 02
+038079 RX 2: 44 02
+038127 RX 2: 3A 02
+038155 RX 2: 32 02
+038180 RX 2: 2C 02
+038228 RX 2: 26 02
+038252 RX 2: 21 02
+038277 RX 2: 1B 02
+038303 RX 2: 16 02
+038340 RX 2: 10 02
+038377 RX 2: 0B 02
+038403 RX 2: 04 02
+038451 RX 2: 00 02
+038478 RX 2: 00 02
+038504 RX 2: 00 02
+038551 RX 2: 03 02
+038574 TX 16: 00 02 02 58 20 01 00 3C 00 05 04 23 29 02 03 13
+038655 RX 1: FB
+038680 RX 1: DC
+038706 RX 1: D6
+038753 RX 1: FD
+038824 RX 2: 07 86
+038839 RX 2: 24 02
+038875 RX 2: F4 02
+038918 RX 2: FF 02
+038975 RX 2: 0A 02
+038989 RX 1: 81
+039016 RX 1: 01
+039040 RX 2: 28 02
+039055 RX 2: 03 02
+039068 TX 16: 00 02 02 58 20 01 00 3C 00 05 04 25 29 02 03 15
+039173 RX 1: FB
+039206 RX 1: DA
+039239 RX 1: D6
+039251 RX 1: FD
+039340 RX 1: 07
+039354 RX 1: 86
+039369 RX 2: 26 02
+039403 RX 2: F4 02
+039428 RX 2: FF 02
+039473 RX 2: 0A 02
+039495 RX 2: 81 01
+039529 RX 2: 28 02
+039574 RX 2: 03 02
+039585 TX 16: 00 02 02 58 20 01 00 3C 00 05 04 27 29 02 03 17
+039674 RX 1: FB
+039700 RX 1: D8
+039723 RX 1: D6
+039782 RX 1: FD
+039853 RX 2: 07 86
+039856 RX 2: 28 01
+039901 RX 2: F4 02
+039924 RX 2: FF 02
+039980 RX 2: 0A 02
+040007 RX 2: 82 02
+040023 RX 2: 28 02
+040081 RX 2: 03 02
+040098 TX 16: 00 02 02 58 20 01 00 3C 00 05 04 29 29 02 03 19
+040181 RX 1: FB
+040194 RX 1: D6
+040248 RX 1: D6
+040272 RX 1: FD
+040328 RX 1: 07
+040341 RX 1: 86
+040375 RX 1: 2A
+040400 RX 2: 02 F4
+040434 RX 1: 01
+040489 RX 1: FF
+040518 RX 3: 02 0A 02
+040521 RX 4: 81 02 28 02
+040566 RX 2: 03 02
+040580 TX 16: 00 02 02 58 20 01 00 3C 00 05 04 2B 29 03 03 1C
+040647 RX 1: FB
+040669 RX 1: D4
+040725 RX 1: D6
+040748 RX 1: FC
+040826 RX 2: 07 86
+040852 RX 2: 2C 02
+040895 RX 2: F4 02
+040907 RX 2: FF 01
+040951 RX 2: 00 02
+040975 RX 2: 00 02
+041031 RX 2: 4D 02
+041046 RX 2: 03 02
+041049 TX 15: 00 02 02 58 20 01 00 3C 00 04 03 2D 09 03 F9
+041126 RX 1: FC
+041152 RX 1: D2
+041177 RX 1: F6
+041250 RX 2: 03 86
+041276 RX 2: 2E 02
+041301 RX 2: 09 01
+041349 RX 2: 03 02
+041359 TX 16: 00 02 02 58 20 01 00 3C 00 05 04 2F 29 03 03 20
+041423 RX 1: FB
+041482 RX 1: D0
+041496 RX 1: D6
+041520 RX 1: FC
+041599 RX 2: 20 86
+041624 RX 2: 30 02
+041672 RX 2: 02 02
+041698 RX 2: 8B 02
+041725 RX 2: 1A 02
+041773 RX 1: 11
+041776 RX 1: 02
+041801 RX 2: FA 02
+041827 RX 2: E1 02
+041874 RX 2: E0 02
+041896 RX 2: BC 02
+041920 RX 1: AD
+041922 RX 1: 02
+041977 RX 2: 96 02
+042003 RX 2: 84 02
+042029 RX 2: 75 02
+042078 RX 2: 61 02
+042081 RX 2: 53 02
+042129 RX 2: 48 02
+042156 RX 2: 39 02
+042204 RX 2: 28 02
+042231 RX 2: 1F 02
+042247 RX 2: 19 02
+042305 RX 2: 12 02
+042309 RX 1: 00
+042314 RX 1: 02
+042350 RX 2: 81 02
+042398 RX 2: 64 02
+042424 RX 2: 00 02
+042450 RX 2: 84 02
+042498 RX 2: 02 02
+042525 RX 2: 00 02
+042552 RX 2: 81 02
+042599 RX 2: 64 02
+042626 RX 2: 00 02
+042652 RX 2: 03 02
+042670 TX 16: 00 02 02 58 20 01 00 3C 00 05 04 31 29 03 03 22
+042729 RX 1: FB
+042777 RX 1: CE
+042803 RX 1: D6
+042828 RX 1: FC
+042898 RX 2: 07 86
+042953 RX 2: 32 02
+042978 RX 2: F4 02
+043004 RX 2: FF 02
+043053 RX 2: 00 02
+043078 RX 2: 00 02
+043104 RX 2: 4D 02
+043151 RX 2: 03 02
+043166 TX 6: 82 F1 F1 FC FC 5C
+043204 RX 12: 82 F1 F1 FC FC 5C 82 F1 F1 FC 80 E0
+043214 TX 15: 00 02 02 58 20 01 00 3C 00 04 03 33 09 03 FF
+043276 RX 1: FC
+043299 RX 1: CC
+043353 RX 1: F6
+043422 RX 2: 03 86
+043457 RX 2: 34 02
+043470 RX 2: 09 02
+043525 RX 2: 03 02
+043533 TX 15: 00 02 02 58 20 01 00 3C 00 04 03 35 09 03 01
+043602 RX 1: FC
+043625 RX 1: CA
+043670 RX 1: F6
+043750 RX 2: 03 86
+043773 RX 2: 36 02
+043797 RX 2: 09 01
+043822 RX 2: 03 02
+043830 TX 16: 00 02 02 58 20 01 00 3C 00 05 04 37 29 03 03 28
+043903 RX 1: FB
+043925 RX 1: C8
+043982 RX 1: D6
+043996 RX 1: FC
+044077 RX 2: 20 86
+044103 RX 2: 38 02
+044130 RX 2: 02 02
+044179 RX 4: 8B 02 1A 01
+044251 RX 4: 11 02 FA 02
+044300 RX 2: E1 02
+044325 RX 2: E0 02
+044350 RX 2: BC 02
+044398 RX 2: AD 02
+044425 RX 2: 96 02
+044450 RX 2: 84 02
+044497 RX 2: 75 02
+044523 RX 2: 61 02
+044549 RX 2: 53 02
+044575 RX 2: 48 02
+044623 RX 2: 39 02
+044649 RX 2: 28 02
+044676 RX 2: 1F 02
+044745 RX 4: 19 02 12 02
+044771 RX 1: 00
+044775 RX 1: 02
+044833 RX 2: 81 02
+044847 RX 2: 64 02
+044874 RX 2: 00 02
+044920 RX 2: 84 02
+044954 RX 2: 02 02
+044978 RX 2: 00 02
+045004 RX 2: 81 02
+045052 RX 2: 64 02
+045077 RX 2: 00 02
+045103 RX 2: 03 02
+045115 TX 16: 00 02 02 58 20 01 00 3C 00 05 04 39 29 03 03 2A
+045172 RX 1: FB
+045226 RX 2: C6 D6
+045279 RX 1: FC
+045354 RX 2: 07 86
+045379 RX 2: 3A 01
+045406 RX 2: F4 02
+045452 RX 2: FF 02
+045479 RX 2: 00 02
+045504 RX 2: 00 02
+045529 RX 2: 4C 02
+045577 RX 2: 03 02
+045593 TX 16: 00 02 02 58 20 01 00 3C 00 05 04 3B 29 03 03 2C
+045677 RX 1: FB
+045700 RX 1: C4
+045724 RX 1: D6
+045773 RX 1: FC
+045856 RX 2: 07 86
+045859 RX 2: 3C 02
+045903 RX 2: F4 01
+045925 RX 2: FF 02
+045947 RX 2: 00 02
+046021 RX 4: 00 02 4D 02
+046050 RX 2: 03 02
+046055 TX 16: 00 02 02 58 20 01 00 3C 00 05 04 3D 29 03 03 2E
+046129 RX 1: FB
+046152 RX 1: C2
+046175 RX 1: D6
+046223 RX 1: FC
+046299 RX 2: 07 86
+046322 RX 2: 3E 02
+046346 RX 2: F4 02
+046399 RX 2: FF 02
+046423 RX 2: 00 02
+046447 RX 2: 00 02
+046470 RX 2: 4D 02
+046525 RX 2: 03 02
+046535 TX 15: 00 02 02 58 20 01 00 3C 00 04 03 3F 12 03 14
+046598 RX 1: FC
+046657 RX 1: C0
+046671 RX 1: ED
+046756 RX 2: 0D 86
+046771 RX 2: 40 02
+046829 RX 2: F4 02
+046855 RX 2: 28 02
+046880 RX 2: 82 02
+046897 RX 2: 0D 02
+046952 RX 2: 20 02
+046977 RX 2: ED 02
+047002 RX 2: 20 02
+047049 RX 1: 80
+047053 RX 1: 02
+047078 RX 2: 2B 02
+047102 RX 2: 0A 02
+047149 RX 2: F0 02
+047180 RX 2: 03 02
+047197 TX 15: 00 02 02 58 20 01 00 3C 00 04 03 41 12 03 16
+047277 RX 1: FC
+047301 RX 1: BE
+047326 RX 1: ED
+047406 RX 2: 0D 86
+047420 RX 2: 42 02
+047478 RX 2: F4 02
+047503 RX 2: 28 02
+047527 RX 2: 81 02
+047572 RX 2: 0D 02
+047604 RX 2: 20 02
+047627 RX 2: ED 02
+047671 RX 1: 20
+047673 RX 1: 02
+047695 RX 2: 80 02
+047729 RX 2: 2B 02
+047775 RX 2: 0A 02
+047800 RX 2: F0 02
+047825 RX 2: 03 02
+047842 TX 15: 00 02 02 58 20 01 00 3C 00 04 03 43 12 03 18
+047923 RX 1: FC
+047945 RX 1: BC
+048002 RX 1: ED
+048051 RX 2: 0D 86
+048100 RX 2: 44 02
+048125 RX 2: F4 02
+048151 RX 2: 28 02
+048200 RX 2: 81 02
+048226 RX 2: 0D 02
+048253 RX 2: 20 02
+048299 RX 2: ED 02
+048326 RX 2: 20 02
+048351 RX 2: 80 02
+048378 RX 2: 2B 02
+048425 RX 2: 0A 02
+048452 RX 2: F0 02
+048477 RX 2: 03 02
+048495 TX 15: 00 02 02 58 20 01 00 3C 00 04 03 45 12 03 1A
+048578 RX 1: FC
+048602 RX 1: BA
+048627 RX 1: ED
+048704 RX 2: 0D 86
+048754 RX 2: 46 02
+048776 RX 2: F4 02
+048799 RX 2: 28 02
+048821 RX 2: 82 02
+048877 RX 2: 0D 02
+048898 RX 2: 20 02
+048920 RX 2: ED 02
+048973 RX 2: 20 02
+048998 RX 2: 80 02
+049023 RX 2: 2B 02
+049081 RX 2: 0A 02
+049106 RX 2: F0 02
+049121 RX 2: 03 02
+049139 TX 15: 00 02 02 58 20 01 00 3C 00 04 03 47 09 03 13
+049234 RX 1: FC
+049267 RX 1: B8
+049312 RX 1: F6
+049379 RX 1: 03
+049427 RX 1: 05
+049430 RX 4: 48 02 09 02
+049489 RX 2: 03 01
+049498 TX 16: 00 02 02 58 20 01 00 3C 00 05 04 49 29 01 03 38
+049606 RX 1: FB
+049621 RX 1: B6
+049645 RX 1: D6
+049679 RX 1: FE
+049773 RX 2: 31 86
+049798 RX 2: 4A 02
+049824 RX 2: 02 02
+049861 RX 2: 8B 02
+049898 RX 1: 1A
+049899 RX 1: 02
+049923 RX 2: 11 02
+049946 RX 2: FA 02
+050003 RX 2: E1 02
+050031 RX 2: E0 02
+050045 RX 2: BC 02
+050105 RX 2: AD 02
+050130 RX 2: 96 02
+050156 RX 2: 84 02
+050204 RX 2: 75 02
+050230 RX 2: 61 02
+050256 RX 2: 53 02
+050281 RX 2: 48 02
+050328 RX 2: 39 02
+050354 RX 2: 28 02
+050379 RX 2: 1F 02
+050427 RX 2: 19 02
+050453 RX 2: 12 02
+050479 RX 2: 00 02
+050527 RX 2: 8C 02
+050553 RX 2: 28 02
+050578 RX 2: 11 02
+050625 RX 2: A0 02
+050651 RX 2: 64 02
+050678 RX 2: 50 02
+050725 RX 2: 44 02
+050751 RX 2: 3A 02
+050777 RX 2: 32 02
+050803 RX 2: 2C 02
+050849 RX 2: 26 02
+050873 RX 2: 21 02
+050895 RX 2: 1B 02
